Log file open, 02/15/20 18:21:04
LogWindows: Failed to load 'aqProf.dll' (GetLastError=126)
LogWindows: File 'aqProf.dll' does not exist
LogWindows: Failed to load 'VtuneApi.dll' (GetLastError=126)
LogWindows: File 'VtuneApi.dll' does not exist
LogWindows: Failed to load 'VtuneApi32e.dll' (GetLastError=126)
LogWindows: File 'VtuneApi32e.dll' does not exist
LogConsoleResponse: Display: Failed to find resolution value strings in scalability ini. Falling back to default.
LogInit: Display: Running engine for game: EngineDemo
LogPlatformFile: Not using cached read wrapper
LogTaskGraph: Started task graph with 5 named threads and 11 total threads with 3 sets of task threads.
LogStats: Stats thread started at 0.161738
LogD3D11RHI: Loaded GFSDK_Aftermath_Lib.x64.dll
LogICUInternationalization: ICU TimeZone Detection - Raw Offset: +0:00, Platform Override: ''
LogPluginManager: Mounting plugin Paper2D
LogPluginManager: Mounting plugin AISupport
LogPluginManager: Mounting plugin LightPropagationVolume
LogPluginManager: Mounting plugin ActorLayerUtilities
LogPluginManager: Mounting plugin AnimationSharing
LogPluginManager: Mounting plugin CLionSourceCodeAccess
LogPluginManager: Mounting plugin CodeLiteSourceCodeAccess
LogPluginManager: Mounting plugin GitSourceControl
LogPluginManager: Mounting plugin KDevelopSourceCodeAccess
LogPluginManager: Mounting plugin NullSourceCodeAccess
LogPluginManager: Mounting plugin PerforceSourceControl
LogPluginManager: Mounting plugin PlasticSourceControl
LogPluginManager: Mounting plugin SubversionSourceControl
LogPluginManager: Mounting plugin UObjectPlugin
LogPluginManager: Mounting plugin VisualStudioCodeSourceCodeAccess
LogPluginManager: Mounting plugin VisualStudioSourceCodeAccess
LogPluginManager: Mounting plugin XCodeSourceCodeAccess
LogPluginManager: Mounting plugin AssetManagerEditor
LogPluginManager: Mounting plugin CryptoKeys
LogPluginManager: Mounting plugin CurveEditorTools
LogPluginManager: Mounting plugin DataValidation
LogPluginManager: Mounting plugin FacialAnimation
LogPluginManager: Mounting plugin GameplayTagsEditor
LogPluginManager: Mounting plugin MacGraphicsSwitching
LogPluginManager: Mounting plugin MaterialAnalyzer
LogPluginManager: Mounting plugin MobileLauncherProfileWizard
LogPluginManager: Mounting plugin PluginBrowser
LogPluginManager: Mounting plugin SpeedTreeImporter
LogPluginManager: Mounting plugin DatasmithContent
LogPluginManager: Mounting plugin VariantManagerContent
LogPluginManager: Mounting plugin AlembicImporter
LogPluginManager: Mounting plugin AutomationUtils
LogPluginManager: Mounting plugin BackChannel
LogPluginManager: Mounting plugin CharacterAI
LogPluginManager: Mounting plugin GeometryCache
LogPluginManager: Mounting plugin PlatformCrypto
LogPluginManager: Mounting plugin ProxyLODPlugin
LogPluginManager: Mounting plugin SkeletalReduction
LogPluginManager: Mounting plugin MagicLeap
LogPluginManager: Mounting plugin MagicLeapMedia
LogPluginManager: Mounting plugin MLSDK
LogPluginManager: Mounting plugin AndroidMedia
LogPluginManager: Mounting plugin AvfMedia
LogPluginManager: Mounting plugin ImgMedia
LogPluginManager: Mounting plugin MediaCompositing
LogPluginManager: Mounting plugin MediaPlayerEditor
LogPluginManager: Mounting plugin WebMMedia
LogPluginManager: Mounting plugin WmfMedia
LogPluginManager: Mounting plugin TcpMessaging
LogPluginManager: Mounting plugin UdpMessaging
LogPluginManager: Mounting plugin ActorSequence
LogPluginManager: Mounting plugin LevelSequenceEditor
LogPluginManager: Mounting plugin MatineeToLevelSequence
LogPluginManager: Mounting plugin NetcodeUnitTest
LogPluginManager: Mounting plugin NUTUnrealEngine4
LogPluginManager: Mounting plugin OnlineSubsystemGooglePlay
LogPluginManager: Mounting plugin OnlineSubsystemIOS
LogPluginManager: Mounting plugin OnlineSubsystem
LogPluginManager: Mounting plugin OnlineSubsystemNull
LogPluginManager: Mounting plugin OnlineSubsystemUtils
LogPluginManager: Mounting plugin LauncherChunkInstaller
LogPluginManager: Mounting plugin AndroidDeviceProfileSelector
LogPluginManager: Mounting plugin AndroidMoviePlayer
LogPluginManager: Mounting plugin AndroidPermission
LogPluginManager: Mounting plugin AppleImageUtils
LogPluginManager: Mounting plugin AppleMoviePlayer
LogPluginManager: Mounting plugin ArchVisCharacter
LogPluginManager: Mounting plugin AssetTags
LogPluginManager: Mounting plugin AudioCapture
LogPluginManager: Mounting plugin CableComponent
LogPluginManager: Mounting plugin CustomMeshComponent
LogPluginManager: Mounting plugin EditableMesh
LogPluginManager: Mounting plugin ExampleDeviceProfileSelector
LogPluginManager: Mounting plugin GoogleCloudMessaging
LogPluginManager: Mounting plugin IOSDeviceProfileSelector
LogPluginManager: Mounting plugin LinuxDeviceProfileSelector
LogPluginManager: Mounting plugin LocationServicesBPLibrary
LogPluginManager: Mounting plugin MobilePatchingUtils
LogPluginManager: Mounting plugin OculusVR
LogPluginManager: Mounting plugin PhysXVehicles
LogPluginManager: Mounting plugin PostSplashScreen
LogPluginManager: Mounting plugin ProceduralMeshComponent
LogPluginManager: Mounting plugin RuntimePhysXCooking
LogPluginManager: Mounting plugin SignificanceManager
LogPluginManager: Mounting plugin SteamVR
LogPluginManager: Mounting plugin WebMMoviePlayer
LogPluginManager: Mounting plugin WindowsMoviePlayer
LogPluginManager: Mounting plugin ScreenshotTools
LogInit: Using libcurl 7.55.1-DEV
LogInit:  - built for x86_64-pc-win32
LogInit:  - supports SSL with OpenSSL/1.1.1
LogInit:  - supports HTTP deflate (compression) using libz 1.2.8
LogInit:  - other features:
LogInit:      CURL_VERSION_SSL
LogInit:      CURL_VERSION_LIBZ
LogInit:      CURL_VERSION_IPV6
LogInit:      CURL_VERSION_ASYNCHDNS
LogInit:      CURL_VERSION_LARGEFILE
LogInit:      CURL_VERSION_IDN
LogInit:  CurlRequestOptions (configurable via config and command line):
LogInit:  - bVerifyPeer = true  - Libcurl will verify peer certificate
LogInit:  - bUseHttpProxy = false  - Libcurl will NOT use HTTP proxy
LogInit:  - bDontReuseConnections = false  - Libcurl will reuse connections
LogInit:  - MaxHostConnections = 16  - Libcurl will limit the number of connections to a host
LogInit:  - LocalHostAddr = Default
LogInit:  - BufferSize = 65536
LogOnline: OSS: Creating online subsystem instance for: NULL
LogInit: WinSock: version 1.1 (2.2), MaxSocks=32767, MaxUdp=65467
LogOnline: OSS: TryLoadSubsystemAndSetDefault: Loaded subsystem for module [NULL]
LogInit: Build: ++UE4+Release-4.24-CL-11100242
LogInit: Engine Version: 4.24.2-11100242+++UE4+Release-4.24
LogInit: Compatible Engine Version: 4.24.0-10570792+++UE4+Release-4.24
LogInit: Net CL: 10570792
LogInit: OS: Windows 8.1 (), CPU: AMD Athlon(tm) X4 860K Quad Core Processor     , GPU: AMD Radeon (TM) R7 360 Series
LogInit: Compiled (64-bit): Jan 24 2020 02:05:53
LogInit: Compiled with Visual C++: 19.16.27032.01
LogInit: Build Configuration: Development
LogInit: Branch Name: ++UE4+Release-4.24
LogInit: Command Line: 
LogInit: Base Directory: C:/Program Files/Epic Games/UE_4.24/Engine/Binaries/Win64/
LogInit: Installed Engine Build: 1
LogDevObjectVersion: Number of dev versions registered: 25
LogDevObjectVersion:   Dev-Blueprints (B0D832E4-1F89-4F0D-ACCF-7EB736FD4AA2): 10
LogDevObjectVersion:   Dev-Build (E1C64328-A22C-4D53-A36C-8E866417BD8C): 0
LogDevObjectVersion:   Dev-Core (375EC13C-06E4-48FB-B500-84F0262A717E): 3
LogDevObjectVersion:   Dev-Editor (E4B068ED-F494-42E9-A231-DA0B2E46BB41): 37
LogDevObjectVersion:   Dev-Framework (CFFC743F-43B0-4480-9391-14DF171D2073): 36
LogDevObjectVersion:   Dev-Mobile (B02B49B5-BB20-44E9-A304-32B752E40360): 2
LogDevObjectVersion:   Dev-Networking (A4E4105C-59A1-49B5-A7C5-40C4547EDFEE): 0
LogDevObjectVersion:   Dev-Online (39C831C9-5AE6-47DC-9A44-9C173E1C8E7C): 0
LogDevObjectVersion:   Dev-Physics (78F01B33-EBEA-4F98-B9B4-84EACCB95AA2): 2
LogDevObjectVersion:   Dev-Platform (6631380F-2D4D-43E0-8009-CF276956A95A): 0
LogDevObjectVersion:   Dev-Rendering (12F88B9F-8875-4AFC-A67C-D90C383ABD29): 36
LogDevObjectVersion:   Dev-Sequencer (7B5AE74C-D270-4C10-A958-57980B212A5A): 11
LogDevObjectVersion:   Dev-VR (D7296918-1DD6-4BDD-9DE2-64A83CC13884): 2
LogDevObjectVersion:   Dev-LoadTimes (C2A15278-BFE7-4AFE-6C17-90FF531DF755): 1
LogDevObjectVersion:   Private-Geometry (6EACA3D4-40EC-4CC1-B786-8BED09428FC5): 3
LogDevObjectVersion:   Dev-AnimPhys (29E575DD-E0A3-4627-9D10-D276232CDCEA): 17
LogDevObjectVersion:   Dev-Anim (AF43A65D-7FD3-4947-9873-3E8ED9C1BB05): 2
LogDevObjectVersion:   Dev-ReflectionCapture (6B266CEC-1EC7-4B8F-A30B-E4D90942FC07): 1
LogDevObjectVersion:   Dev-Automation (0DF73D61-A23F-47EA-B727-89E90C41499A): 1
LogDevObjectVersion:   FortniteMain (601D1886-AC64-4F84-AA16-D3DE0DEAC7D6): 31
LogDevObjectVersion:   Dev-Enterprise (9DFFBCD6-494F-0158-E221-12823C92A888): 8
LogDevObjectVersion:   Dev-Niagara (F2AED0AC-9AFE-416F-8664-AA7FFA26D6FC): 1
LogDevObjectVersion:   Dev-Destruction (174F1F0B-B4C6-45A5-B13F-2EE8D0FB917D): 9
LogDevObjectVersion:   Dev-Physics-Ext (35F94A83-E258-406C-A318-09F59610247C): 8
LogDevObjectVersion:   Dev-CineCamera (B2E18506-4273-CFC2-A54E-F4BB758BBA07): 1
LogInit: Presizing for max 25165824 objects, including 0 objects not considered by GC, pre-allocating 0 bytes for permanent pool.
LogInit: Object subsystem initialized
LogConfig: Setting CVar [[con.DebugEarlyDefault:1]]
LogConfig: Setting CVar [[r.setres:1280x720]]
[2020.02.15-18.21.04:942][  0]LogConfig: Setting CVar [[r.VSync:0]]
[2020.02.15-18.21.04:942][  0]LogConfig: Setting CVar [[r.RHICmdBypass:0]]
[2020.02.15-18.21.04:942][  0]LogConfig: Applying CVar settings from Section [/Script/Engine.RendererSettings] File [C:/Users/OLAFUR/Documents/Unreal Projects/EnginePresentation/Saved/Config/Windows/Engine.ini]
[2020.02.15-18.21.04:942][  0]LogConfig: Setting CVar [[r.GPUCrashDebugging:0]]
[2020.02.15-18.21.04:942][  0]LogConfig: Applying CVar settings from Section [/Script/Engine.RendererOverrideSettings] File [C:/Users/OLAFUR/Documents/Unreal Projects/EnginePresentation/Saved/Config/Windows/Engine.ini]
[2020.02.15-18.21.04:942][  0]LogConfig: Applying CVar settings from Section [/Script/Engine.StreamingSettings] File [C:/Users/OLAFUR/Documents/Unreal Projects/EnginePresentation/Saved/Config/Windows/Engine.ini]
[2020.02.15-18.21.04:942][  0]LogConfig: Setting CVar [[s.MinBulkDataSizeForAsyncLoading:131072]]
[2020.02.15-18.21.04:942][  0]LogConfig: Setting CVar [[s.AsyncLoadingThreadEnabled:0]]
[2020.02.15-18.21.04:942][  0]LogConfig: Setting CVar [[s.EventDrivenLoaderEnabled:1]]
[2020.02.15-18.21.04:942][  0]LogConfig: Setting CVar [[s.WarnIfTimeLimitExceeded:0]]
[2020.02.15-18.21.04:942][  0]LogConfig: Setting CVar [[s.TimeLimitExceededMultiplier:1.5]]
[2020.02.15-18.21.04:942][  0]LogConfig: Setting CVar [[s.TimeLimitExceededMinTime:0.005]]
[2020.02.15-18.21.04:942][  0]LogConfig: Setting CVar [[s.UseBackgroundLevelStreaming:1]]
[2020.02.15-18.21.04:942][  0]LogConfig: Setting CVar [[s.PriorityAsyncLoadingExtraTime:15.0]]
[2020.02.15-18.21.04:942][  0]LogConfig: Setting CVar [[s.LevelStreamingActorsUpdateTimeLimit:5.0]]
[2020.02.15-18.21.04:942][  0]LogConfig: Setting CVar [[s.PriorityLevelStreamingActorsUpdateExtraTime:5.0]]
[2020.02.15-18.21.04:942][  0]LogConfig: Setting CVar [[s.LevelStreamingComponentsRegistrationGranularity:10]]
[2020.02.15-18.21.04:942][  0]LogConfig: Setting CVar [[s.UnregisterComponentsTimeLimit:1.0]]
[2020.02.15-18.21.04:942][  0]LogConfig: Setting CVar [[s.LevelStreamingComponentsUnregistrationGranularity:5]]
[2020.02.15-18.21.04:942][  0]LogConfig: Setting CVar [[s.FlushStreamingOnExit:1]]
[2020.02.15-18.21.04:942][  0]LogConfig: Applying CVar settings from Section [/Script/Engine.GarbageCollectionSettings] File [C:/Users/OLAFUR/Documents/Unreal Projects/EnginePresentation/Saved/Config/Windows/Engine.ini]
[2020.02.15-18.21.04:942][  0]LogConfig: Setting CVar [[gc.MaxObjectsNotConsideredByGC:1]]
[2020.02.15-18.21.04:942][  0]LogConfig: Setting CVar [[gc.SizeOfPermanentObjectPool:0]]
[2020.02.15-18.21.04:942][  0]LogConfig: Setting CVar [[gc.FlushStreamingOnGC:0]]
[2020.02.15-18.21.04:942][  0]LogConfig: Setting CVar [[gc.NumRetriesBeforeForcingGC:10]]
[2020.02.15-18.21.04:942][  0]LogConfig: Setting CVar [[gc.AllowParallelGC:1]]
[2020.02.15-18.21.04:942][  0]LogConfig: Setting CVar [[gc.TimeBetweenPurgingPendingKillObjects:61.1]]
[2020.02.15-18.21.04:942][  0]LogConfig: Setting CVar [[gc.MaxObjectsInEditor:25165824]]
[2020.02.15-18.21.04:942][  0]LogConfig: Setting CVar [[gc.IncrementalBeginDestroyEnabled:1]]
[2020.02.15-18.21.04:942][  0]LogConfig: Setting CVar [[gc.CreateGCClusters:1]]
[2020.02.15-18.21.04:942][  0]LogConfig: Setting CVar [[gc.MinGCClusterSize:5]]
[2020.02.15-18.21.04:943][  0]LogConfig: Setting CVar [[gc.ActorClusteringEnabled:0]]
[2020.02.15-18.21.04:943][  0]LogConfig: Setting CVar [[gc.BlueprintClusteringEnabled:0]]
[2020.02.15-18.21.04:943][  0]LogConfig: Setting CVar [[gc.UseDisregardForGCOnDedicatedServers:0]]
[2020.02.15-18.21.04:943][  0]LogConfig: Applying CVar settings from Section [/Script/Engine.NetworkSettings] File [C:/Users/OLAFUR/Documents/Unreal Projects/EnginePresentation/Saved/Config/Windows/Engine.ini]
[2020.02.15-18.21.04:943][  0]LogConfig: Applying CVar settings from Section [/Script/UnrealEd.CookerSettings] File [C:/Users/OLAFUR/Documents/Unreal Projects/EnginePresentation/Saved/Config/Windows/Engine.ini]
[2020.02.15-18.21.04:956][  0]LogConfig: Applying CVar settings from Section [ViewDistanceQuality@3] File [C:/Users/OLAFUR/Documents/Unreal Projects/EnginePresentation/Saved/Config/Windows/Scalability.ini]
[2020.02.15-18.21.04:956][  0]LogConfig: Setting CVar [[r.SkeletalMeshLODBias:0]]
[2020.02.15-18.21.04:957][  0]LogConfig: Setting CVar [[r.ViewDistanceScale:1.0]]
[2020.02.15-18.21.04:957][  0]LogConfig: Applying CVar settings from Section [AntiAliasingQuality@3] File [C:/Users/OLAFUR/Documents/Unreal Projects/EnginePresentation/Saved/Config/Windows/Scalability.ini]
[2020.02.15-18.21.04:957][  0]LogConfig: Setting CVar [[r.PostProcessAAQuality:4]]
[2020.02.15-18.21.04:957][  0]LogConfig: Applying CVar settings from Section [ShadowQuality@3] File [C:/Users/OLAFUR/Documents/Unreal Projects/EnginePresentation/Saved/Config/Windows/Scalability.ini]
[2020.02.15-18.21.04:957][  0]LogConfig: Setting CVar [[r.LightFunctionQuality:1]]
[2020.02.15-18.21.04:957][  0]LogConfig: Setting CVar [[r.ShadowQuality:5]]
[2020.02.15-18.21.04:957][  0]LogConfig: Setting CVar [[r.Shadow.CSM.MaxCascades:10]]
[2020.02.15-18.21.04:957][  0]LogConfig: Setting CVar [[r.Shadow.MaxResolution:2048]]
[2020.02.15-18.21.04:957][  0]LogConfig: Setting CVar [[r.Shadow.MaxCSMResolution:2048]]
[2020.02.15-18.21.04:957][  0]LogConfig: Setting CVar [[r.Shadow.RadiusThreshold:0.01]]
[2020.02.15-18.21.04:957][  0]LogConfig: Setting CVar [[r.Shadow.DistanceScale:1.0]]
[2020.02.15-18.21.04:957][  0]LogConfig: Setting CVar [[r.Shadow.CSM.TransitionScale:1.0]]
[2020.02.15-18.21.04:957][  0]LogConfig: Setting CVar [[r.Shadow.PreShadowResolutionFactor:1.0]]
[2020.02.15-18.21.04:957][  0]LogConfig: Setting CVar [[r.DistanceFieldShadowing:1]]
[2020.02.15-18.21.04:957][  0]LogConfig: Setting CVar [[r.DistanceFieldAO:1]]
[2020.02.15-18.21.04:957][  0]LogConfig: Setting CVar [[r.AOQuality:2]]
[2020.02.15-18.21.04:957][  0]LogConfig: Setting CVar [[r.VolumetricFog:1]]
[2020.02.15-18.21.04:957][  0]LogConfig: Setting CVar [[r.VolumetricFog.GridPixelSize:8]]
[2020.02.15-18.21.04:957][  0]LogConfig: Setting CVar [[r.VolumetricFog.GridSizeZ:128]]
[2020.02.15-18.21.04:957][  0]LogConfig: Setting CVar [[r.VolumetricFog.HistoryMissSupersampleCount:4]]
[2020.02.15-18.21.04:957][  0]LogConfig: Setting CVar [[r.LightMaxDrawDistanceScale:1]]
[2020.02.15-18.21.04:957][  0]LogConfig: Setting CVar [[r.CapsuleShadows:1]]
[2020.02.15-18.21.04:957][  0]LogConfig: Applying CVar settings from Section [PostProcessQuality@3] File [C:/Users/OLAFUR/Documents/Unreal Projects/EnginePresentation/Saved/Config/Windows/Scalability.ini]
[2020.02.15-18.21.04:957][  0]LogConfig: Setting CVar [[r.MotionBlurQuality:4]]
[2020.02.15-18.21.04:957][  0]LogConfig: Setting CVar [[r.AmbientOcclusionMipLevelFactor:0.4]]
[2020.02.15-18.21.04:957][  0]LogConfig: Setting CVar [[r.AmbientOcclusionMaxQuality:100]]
[2020.02.15-18.21.04:957][  0]LogConfig: Setting CVar [[r.AmbientOcclusionLevels:-1]]
[2020.02.15-18.21.04:957][  0]LogConfig: Setting CVar [[r.AmbientOcclusionRadiusScale:1.0]]
[2020.02.15-18.21.04:957][  0]LogConfig: Setting CVar [[r.DepthOfFieldQuality:2]]
[2020.02.15-18.21.04:957][  0]LogConfig: Setting CVar [[r.RenderTargetPoolMin:400]]
[2020.02.15-18.21.04:957][  0]LogConfig: Setting CVar [[r.LensFlareQuality:2]]
[2020.02.15-18.21.04:957][  0]LogConfig: Setting CVar [[r.SceneColorFringeQuality:1]]
[2020.02.15-18.21.04:957][  0]LogConfig: Setting CVar [[r.EyeAdaptationQuality:2]]
[2020.02.15-18.21.04:957][  0]LogConfig: Setting CVar [[r.BloomQuality:5]]
[2020.02.15-18.21.04:957][  0]LogConfig: Setting CVar [[r.FastBlurThreshold:100]]
[2020.02.15-18.21.04:957][  0]LogConfig: Setting CVar [[r.Upscale.Quality:3]]
[2020.02.15-18.21.04:957][  0]LogConfig: Setting CVar [[r.Tonemapper.GrainQuantization:1]]
[2020.02.15-18.21.04:957][  0]LogConfig: Setting CVar [[r.LightShaftQuality:1]]
[2020.02.15-18.21.04:957][  0]LogConfig: Setting CVar [[r.Filter.SizeScale:1]]
[2020.02.15-18.21.04:957][  0]LogConfig: Setting CVar [[r.Tonemapper.Quality:5]]
[2020.02.15-18.21.04:957][  0]LogConfig: Setting CVar [[r.DOF.Gather.AccumulatorQuality:1        ; higher gathering accumulator quality]]
[2020.02.15-18.21.04:957][  0]LogConfig: Setting CVar [[r.DOF.Gather.PostfilterMethod:1          ; Median3x3 postfilering method]]
[2020.02.15-18.21.04:957][  0]LogConfig: Setting CVar [[r.DOF.Gather.EnableBokehSettings:0       ; no bokeh simulation when gathering]]
[2020.02.15-18.21.04:957][  0]LogConfig: Setting CVar [[r.DOF.Gather.RingCount:4                 ; medium number of samples when gathering]]
[2020.02.15-18.21.04:957][  0]LogConfig: Setting CVar [[r.DOF.Scatter.ForegroundCompositing:1    ; additive foreground scattering]]
[2020.02.15-18.21.04:957][  0]LogConfig: Setting CVar [[r.DOF.Scatter.BackgroundCompositing:2    ; additive background scattering]]
[2020.02.15-18.21.04:957][  0]LogConfig: Setting CVar [[r.DOF.Scatter.EnableBokehSettings:1      ; bokeh simulation when scattering]]
[2020.02.15-18.21.04:957][  0]LogConfig: Setting CVar [[r.DOF.Scatter.MaxSpriteRatio:0.1         ; only a maximum of 10% of scattered bokeh]]
[2020.02.15-18.21.04:957][  0]LogConfig: Setting CVar [[r.DOF.Recombine.Quality:1                ; cheap slight out of focus]]
[2020.02.15-18.21.04:957][  0]LogConfig: Setting CVar [[r.DOF.Recombine.EnableBokehSettings:0    ; no bokeh simulation on slight out of focus]]
[2020.02.15-18.21.04:957][  0]LogConfig: Setting CVar [[r.DOF.TemporalAAQuality:1                ; more stable temporal accumulation]]
[2020.02.15-18.21.04:957][  0]LogConfig: Setting CVar [[r.DOF.Kernel.MaxForegroundRadius:0.025]]
[2020.02.15-18.21.04:958][  0]LogConfig: Setting CVar [[r.DOF.Kernel.MaxBackgroundRadius:0.025]]
[2020.02.15-18.21.04:958][  0]LogConfig: Applying CVar settings from Section [TextureQuality@3] File [C:/Users/OLAFUR/Documents/Unreal Projects/EnginePresentation/Saved/Config/Windows/Scalability.ini]
[2020.02.15-18.21.04:958][  0]LogConfig: Setting CVar [[r.Streaming.MipBias:0]]
[2020.02.15-18.21.04:958][  0]LogConfig: Setting CVar [[r.Streaming.AmortizeCPUToGPUCopy:0]]
[2020.02.15-18.21.04:958][  0]LogConfig: Setting CVar [[r.Streaming.MaxNumTexturesToStreamPerFrame:0]]
[2020.02.15-18.21.04:958][  0]LogConfig: Setting CVar [[r.Streaming.Boost:1]]
[2020.02.15-18.21.04:958][  0]LogConfig: Setting CVar [[r.MaxAnisotropy:8]]
[2020.02.15-18.21.04:958][  0]LogConfig: Setting CVar [[r.VT.MaxAnisotropy:8]]
[2020.02.15-18.21.04:958][  0]LogConfig: Setting CVar [[r.Streaming.LimitPoolSizeToVRAM:0]]
[2020.02.15-18.21.04:958][  0]LogConfig: Setting CVar [[r.Streaming.PoolSize:1000]]
[2020.02.15-18.21.04:958][  0]LogConfig: Setting CVar [[r.Streaming.MaxEffectiveScreenSize:0]]
[2020.02.15-18.21.04:958][  0]LogConfig: Applying CVar settings from Section [EffectsQuality@3] File [C:/Users/OLAFUR/Documents/Unreal Projects/EnginePresentation/Saved/Config/Windows/Scalability.ini]
[2020.02.15-18.21.04:958][  0]LogConfig: Setting CVar [[r.TranslucencyLightingVolumeDim:64]]
[2020.02.15-18.21.04:958][  0]LogConfig: Setting CVar [[r.RefractionQuality:2]]
[2020.02.15-18.21.04:958][  0]LogConfig: Setting CVar [[r.SSR.Quality:3]]
[2020.02.15-18.21.04:958][  0]LogConfig: Setting CVar [[r.SSR.HalfResSceneColor:0]]
[2020.02.15-18.21.04:958][  0]LogConfig: Setting CVar [[r.SceneColorFormat:4]]
[2020.02.15-18.21.04:958][  0]LogConfig: Setting CVar [[r.DetailMode:2]]
[2020.02.15-18.21.04:958][  0]LogConfig: Setting CVar [[r.TranslucencyVolumeBlur:1]]
[2020.02.15-18.21.04:958][  0]LogConfig: Setting CVar [[r.MaterialQualityLevel:1 ; High quality]]
[2020.02.15-18.21.04:958][  0]LogConfig: Setting CVar [[r.SSS.Scale:1]]
[2020.02.15-18.21.04:958][  0]LogConfig: Setting CVar [[r.SSS.SampleSet:2]]
[2020.02.15-18.21.04:958][  0]LogConfig: Setting CVar [[r.SSS.Quality:1]]
[2020.02.15-18.21.04:958][  0]LogConfig: Setting CVar [[r.SSS.HalfRes:1]]
[2020.02.15-18.21.04:958][  0]LogConfig: Setting CVar [[r.SSGI.Quality:3]]
[2020.02.15-18.21.04:958][  0]LogConfig: Setting CVar [[r.EmitterSpawnRateScale:1.0]]
[2020.02.15-18.21.04:958][  0]LogConfig: Setting CVar [[r.ParticleLightQuality:2]]
[2020.02.15-18.21.04:958][  0]LogConfig: Setting CVar [[r.SkyAtmosphere.AerialPerspectiveLUT.FastApplyOnOpaque:1 ; Always have FastSkyLUT 1 in this case to avoid wrong sky]]
[2020.02.15-18.21.04:958][  0]LogConfig: Setting CVar [[r.SkyAtmosphere.AerialPerspectiveLUT.SampleCountPerSlice:1]]
[2020.02.15-18.21.04:958][  0]LogConfig: Setting CVar [[r.SkyAtmosphere.AerialPerspectiveLUT.DepthResolution:16.0]]
[2020.02.15-18.21.04:958][  0]LogConfig: Setting CVar [[r.SkyAtmosphere.FastSkyLUT:1]]
[2020.02.15-18.21.04:958][  0]LogConfig: Setting CVar [[r.SkyAtmosphere.FastSkyLUT.SampleCountMin:4.0]]
[2020.02.15-18.21.04:958][  0]LogConfig: Setting CVar [[r.SkyAtmosphere.FastSkyLUT.SampleCountMax:32.0]]
[2020.02.15-18.21.04:958][  0]LogConfig: Setting CVar [[r.SkyAtmosphere.SampleCountMin:4.0]]
[2020.02.15-18.21.04:958][  0]LogConfig: Setting CVar [[r.SkyAtmosphere.SampleCountMax:32.0]]
[2020.02.15-18.21.04:958][  0]LogConfig: Setting CVar [[r.SkyAtmosphere.TransmittanceLUT.UseSmallFormat:0]]
[2020.02.15-18.21.04:958][  0]LogConfig: Setting CVar [[r.SkyAtmosphere.TransmittanceLUT.SampleCount:10.0]]
[2020.02.15-18.21.04:958][  0]LogConfig: Setting CVar [[r.SkyAtmosphere.MultiScatteringLUT.SampleCount:15.0]]
[2020.02.15-18.21.04:958][  0]LogConfig: Applying CVar settings from Section [FoliageQuality@3] File [C:/Users/OLAFUR/Documents/Unreal Projects/EnginePresentation/Saved/Config/Windows/Scalability.ini]
[2020.02.15-18.21.04:958][  0]LogConfig: Setting CVar [[foliage.DensityScale:1.0]]
[2020.02.15-18.21.04:958][  0]LogConfig: Setting CVar [[grass.DensityScale:1.0]]
[2020.02.15-18.21.04:958][  0]LogConfig: Applying CVar settings from Section [ShadingQuality@3] File [C:/Users/OLAFUR/Documents/Unreal Projects/EnginePresentation/Saved/Config/Windows/Scalability.ini]
[2020.02.15-18.21.04:958][  0]LogConfig: Setting CVar [[r.HairStrands.SkyLighting.SampleCount:16]]
[2020.02.15-18.21.04:958][  0]LogConfig: Setting CVar [[r.HairStrands.SkyLighting.JitterIntegration:0]]
[2020.02.15-18.21.04:958][  0]LogConfig: Setting CVar [[r.HairStrands.SkyAO.SampleCount:16]]
[2020.02.15-18.21.04:958][  0]LogInit: Selected Device Profile: [Windows]
[2020.02.15-18.21.04:958][  0]LogInit: Applying CVar settings loaded from the selected device profile: [Windows]
[2020.02.15-18.21.04:962][  0]LogHAL: Display: Platform has ~ 8 GB [8530690048 / 8589934592 / 8], which maps to Default [LargestMinGB=32, LargerMinGB=12, DefaultMinGB=8, SmallerMinGB=6, SmallestMinGB=0)
[2020.02.15-18.21.04:962][  0]LogInit: Going up to parent DeviceProfile []
[2020.02.15-18.21.04:962][  0]LogConfig: Applying CVar settings from Section [ViewDistanceQuality@3] File [C:/Users/OLAFUR/Documents/Unreal Projects/EnginePresentation/Saved/Config/Windows/Scalability.ini]
[2020.02.15-18.21.04:962][  0]LogConfig: Setting CVar [[r.SkeletalMeshLODBias:0]]
[2020.02.15-18.21.04:962][  0]LogConfig: Setting CVar [[r.ViewDistanceScale:1.0]]
[2020.02.15-18.21.04:962][  0]LogConfig: Applying CVar settings from Section [AntiAliasingQuality@3] File [C:/Users/OLAFUR/Documents/Unreal Projects/EnginePresentation/Saved/Config/Windows/Scalability.ini]
[2020.02.15-18.21.04:962][  0]LogConfig: Setting CVar [[r.PostProcessAAQuality:4]]
[2020.02.15-18.21.04:962][  0]LogConfig: Applying CVar settings from Section [ShadowQuality@3] File [C:/Users/OLAFUR/Documents/Unreal Projects/EnginePresentation/Saved/Config/Windows/Scalability.ini]
[2020.02.15-18.21.04:962][  0]LogConfig: Setting CVar [[r.LightFunctionQuality:1]]
[2020.02.15-18.21.04:962][  0]LogConfig: Setting CVar [[r.ShadowQuality:5]]
[2020.02.15-18.21.04:962][  0]LogConfig: Setting CVar [[r.Shadow.CSM.MaxCascades:10]]
[2020.02.15-18.21.04:962][  0]LogConfig: Setting CVar [[r.Shadow.MaxResolution:2048]]
[2020.02.15-18.21.04:962][  0]LogConfig: Setting CVar [[r.Shadow.MaxCSMResolution:2048]]
[2020.02.15-18.21.04:962][  0]LogConfig: Setting CVar [[r.Shadow.RadiusThreshold:0.01]]
[2020.02.15-18.21.04:962][  0]LogConfig: Setting CVar [[r.Shadow.DistanceScale:1.0]]
[2020.02.15-18.21.04:962][  0]LogConfig: Setting CVar [[r.Shadow.CSM.TransitionScale:1.0]]
[2020.02.15-18.21.04:962][  0]LogConfig: Setting CVar [[r.Shadow.PreShadowResolutionFactor:1.0]]
[2020.02.15-18.21.04:962][  0]LogConfig: Setting CVar [[r.DistanceFieldShadowing:1]]
[2020.02.15-18.21.04:962][  0]LogConfig: Setting CVar [[r.DistanceFieldAO:1]]
[2020.02.15-18.21.04:962][  0]LogConfig: Setting CVar [[r.AOQuality:2]]
[2020.02.15-18.21.04:962][  0]LogConfig: Setting CVar [[r.VolumetricFog:1]]
[2020.02.15-18.21.04:962][  0]LogConfig: Setting CVar [[r.VolumetricFog.GridPixelSize:8]]
[2020.02.15-18.21.04:962][  0]LogConfig: Setting CVar [[r.VolumetricFog.GridSizeZ:128]]
[2020.02.15-18.21.04:962][  0]LogConfig: Setting CVar [[r.VolumetricFog.HistoryMissSupersampleCount:4]]
[2020.02.15-18.21.04:962][  0]LogConfig: Setting CVar [[r.LightMaxDrawDistanceScale:1]]
[2020.02.15-18.21.04:962][  0]LogConfig: Setting CVar [[r.CapsuleShadows:1]]
[2020.02.15-18.21.04:962][  0]LogConfig: Applying CVar settings from Section [PostProcessQuality@3] File [C:/Users/OLAFUR/Documents/Unreal Projects/EnginePresentation/Saved/Config/Windows/Scalability.ini]
[2020.02.15-18.21.04:962][  0]LogConfig: Setting CVar [[r.MotionBlurQuality:4]]
[2020.02.15-18.21.04:962][  0]LogConfig: Setting CVar [[r.AmbientOcclusionMipLevelFactor:0.4]]
[2020.02.15-18.21.04:962][  0]LogConfig: Setting CVar [[r.AmbientOcclusionMaxQuality:100]]
[2020.02.15-18.21.04:962][  0]LogConfig: Setting CVar [[r.AmbientOcclusionLevels:-1]]
[2020.02.15-18.21.04:962][  0]LogConfig: Setting CVar [[r.AmbientOcclusionRadiusScale:1.0]]
[2020.02.15-18.21.04:962][  0]LogConfig: Setting CVar [[r.DepthOfFieldQuality:2]]
[2020.02.15-18.21.04:962][  0]LogConfig: Setting CVar [[r.RenderTargetPoolMin:400]]
[2020.02.15-18.21.04:963][  0]LogConfig: Setting CVar [[r.LensFlareQuality:2]]
[2020.02.15-18.21.04:963][  0]LogConfig: Setting CVar [[r.SceneColorFringeQuality:1]]
[2020.02.15-18.21.04:963][  0]LogConfig: Setting CVar [[r.EyeAdaptationQuality:2]]
[2020.02.15-18.21.04:963][  0]LogConfig: Setting CVar [[r.BloomQuality:5]]
[2020.02.15-18.21.04:963][  0]LogConfig: Setting CVar [[r.FastBlurThreshold:100]]
[2020.02.15-18.21.04:963][  0]LogConfig: Setting CVar [[r.Upscale.Quality:3]]
[2020.02.15-18.21.04:963][  0]LogConfig: Setting CVar [[r.Tonemapper.GrainQuantization:1]]
[2020.02.15-18.21.04:963][  0]LogConfig: Setting CVar [[r.LightShaftQuality:1]]
[2020.02.15-18.21.04:963][  0]LogConfig: Setting CVar [[r.Filter.SizeScale:1]]
[2020.02.15-18.21.04:963][  0]LogConfig: Setting CVar [[r.Tonemapper.Quality:5]]
[2020.02.15-18.21.04:963][  0]LogConfig: Setting CVar [[r.DOF.Gather.AccumulatorQuality:1        ; higher gathering accumulator quality]]
[2020.02.15-18.21.04:963][  0]LogConfig: Setting CVar [[r.DOF.Gather.PostfilterMethod:1          ; Median3x3 postfilering method]]
[2020.02.15-18.21.04:963][  0]LogConfig: Setting CVar [[r.DOF.Gather.EnableBokehSettings:0       ; no bokeh simulation when gathering]]
[2020.02.15-18.21.04:963][  0]LogConfig: Setting CVar [[r.DOF.Gather.RingCount:4                 ; medium number of samples when gathering]]
[2020.02.15-18.21.04:963][  0]LogConfig: Setting CVar [[r.DOF.Scatter.ForegroundCompositing:1    ; additive foreground scattering]]
[2020.02.15-18.21.04:963][  0]LogConfig: Setting CVar [[r.DOF.Scatter.BackgroundCompositing:2    ; additive background scattering]]
[2020.02.15-18.21.04:963][  0]LogConfig: Setting CVar [[r.DOF.Scatter.EnableBokehSettings:1      ; bokeh simulation when scattering]]
[2020.02.15-18.21.04:963][  0]LogConfig: Setting CVar [[r.DOF.Scatter.MaxSpriteRatio:0.1         ; only a maximum of 10% of scattered bokeh]]
[2020.02.15-18.21.04:963][  0]LogConfig: Setting CVar [[r.DOF.Recombine.Quality:1                ; cheap slight out of focus]]
[2020.02.15-18.21.04:963][  0]LogConfig: Setting CVar [[r.DOF.Recombine.EnableBokehSettings:0    ; no bokeh simulation on slight out of focus]]
[2020.02.15-18.21.04:963][  0]LogConfig: Setting CVar [[r.DOF.TemporalAAQuality:1                ; more stable temporal accumulation]]
[2020.02.15-18.21.04:963][  0]LogConfig: Setting CVar [[r.DOF.Kernel.MaxForegroundRadius:0.025]]
[2020.02.15-18.21.04:963][  0]LogConfig: Setting CVar [[r.DOF.Kernel.MaxBackgroundRadius:0.025]]
[2020.02.15-18.21.04:963][  0]LogConfig: Applying CVar settings from Section [TextureQuality@3] File [C:/Users/OLAFUR/Documents/Unreal Projects/EnginePresentation/Saved/Config/Windows/Scalability.ini]
[2020.02.15-18.21.04:963][  0]LogConfig: Setting CVar [[r.Streaming.MipBias:0]]
[2020.02.15-18.21.04:963][  0]LogConfig: Setting CVar [[r.Streaming.AmortizeCPUToGPUCopy:0]]
[2020.02.15-18.21.04:963][  0]LogConfig: Setting CVar [[r.Streaming.MaxNumTexturesToStreamPerFrame:0]]
[2020.02.15-18.21.04:963][  0]LogConfig: Setting CVar [[r.Streaming.Boost:1]]
[2020.02.15-18.21.04:963][  0]LogConfig: Setting CVar [[r.MaxAnisotropy:8]]
[2020.02.15-18.21.04:963][  0]LogConfig: Setting CVar [[r.VT.MaxAnisotropy:8]]
[2020.02.15-18.21.04:963][  0]LogConfig: Setting CVar [[r.Streaming.LimitPoolSizeToVRAM:0]]
[2020.02.15-18.21.04:963][  0]LogConfig: Setting CVar [[r.Streaming.PoolSize:1000]]
[2020.02.15-18.21.04:963][  0]LogConfig: Setting CVar [[r.Streaming.MaxEffectiveScreenSize:0]]
[2020.02.15-18.21.04:963][  0]LogConfig: Applying CVar settings from Section [EffectsQuality@3] File [C:/Users/OLAFUR/Documents/Unreal Projects/EnginePresentation/Saved/Config/Windows/Scalability.ini]
[2020.02.15-18.21.04:963][  0]LogConfig: Setting CVar [[r.TranslucencyLightingVolumeDim:64]]
[2020.02.15-18.21.04:963][  0]LogConfig: Setting CVar [[r.RefractionQuality:2]]
[2020.02.15-18.21.04:963][  0]LogConfig: Setting CVar [[r.SSR.Quality:3]]
[2020.02.15-18.21.04:963][  0]LogConfig: Setting CVar [[r.SSR.HalfResSceneColor:0]]
[2020.02.15-18.21.04:963][  0]LogConfig: Setting CVar [[r.SceneColorFormat:4]]
[2020.02.15-18.21.04:963][  0]LogConfig: Setting CVar [[r.DetailMode:2]]
[2020.02.15-18.21.04:963][  0]LogConfig: Setting CVar [[r.TranslucencyVolumeBlur:1]]
[2020.02.15-18.21.04:963][  0]LogConfig: Setting CVar [[r.MaterialQualityLevel:1 ; High quality]]
[2020.02.15-18.21.04:963][  0]LogConfig: Setting CVar [[r.SSS.Scale:1]]
[2020.02.15-18.21.04:963][  0]LogConfig: Setting CVar [[r.SSS.SampleSet:2]]
[2020.02.15-18.21.04:963][  0]LogConfig: Setting CVar [[r.SSS.Quality:1]]
[2020.02.15-18.21.04:963][  0]LogConfig: Setting CVar [[r.SSS.HalfRes:1]]
[2020.02.15-18.21.04:963][  0]LogConfig: Setting CVar [[r.SSGI.Quality:3]]
[2020.02.15-18.21.04:963][  0]LogConfig: Setting CVar [[r.EmitterSpawnRateScale:1.0]]
[2020.02.15-18.21.04:963][  0]LogConfig: Setting CVar [[r.ParticleLightQuality:2]]
[2020.02.15-18.21.04:963][  0]LogConfig: Setting CVar [[r.SkyAtmosphere.AerialPerspectiveLUT.FastApplyOnOpaque:1 ; Always have FastSkyLUT 1 in this case to avoid wrong sky]]
[2020.02.15-18.21.04:963][  0]LogConfig: Setting CVar [[r.SkyAtmosphere.AerialPerspectiveLUT.SampleCountPerSlice:1]]
[2020.02.15-18.21.04:963][  0]LogConfig: Setting CVar [[r.SkyAtmosphere.AerialPerspectiveLUT.DepthResolution:16.0]]
[2020.02.15-18.21.04:963][  0]LogConfig: Setting CVar [[r.SkyAtmosphere.FastSkyLUT:1]]
[2020.02.15-18.21.04:963][  0]LogConfig: Setting CVar [[r.SkyAtmosphere.FastSkyLUT.SampleCountMin:4.0]]
[2020.02.15-18.21.04:963][  0]LogConfig: Setting CVar [[r.SkyAtmosphere.FastSkyLUT.SampleCountMax:32.0]]
[2020.02.15-18.21.04:963][  0]LogConfig: Setting CVar [[r.SkyAtmosphere.SampleCountMin:4.0]]
[2020.02.15-18.21.04:963][  0]LogConfig: Setting CVar [[r.SkyAtmosphere.SampleCountMax:32.0]]
[2020.02.15-18.21.04:963][  0]LogConfig: Setting CVar [[r.SkyAtmosphere.TransmittanceLUT.UseSmallFormat:0]]
[2020.02.15-18.21.04:963][  0]LogConfig: Setting CVar [[r.SkyAtmosphere.TransmittanceLUT.SampleCount:10.0]]
[2020.02.15-18.21.04:963][  0]LogConfig: Setting CVar [[r.SkyAtmosphere.MultiScatteringLUT.SampleCount:15.0]]
[2020.02.15-18.21.04:963][  0]LogConfig: Applying CVar settings from Section [FoliageQuality@3] File [C:/Users/OLAFUR/Documents/Unreal Projects/EnginePresentation/Saved/Config/Windows/Scalability.ini]
[2020.02.15-18.21.04:963][  0]LogConfig: Setting CVar [[foliage.DensityScale:1.0]]
[2020.02.15-18.21.04:963][  0]LogConfig: Setting CVar [[grass.DensityScale:1.0]]
[2020.02.15-18.21.04:963][  0]LogConfig: Applying CVar settings from Section [ShadingQuality@3] File [C:/Users/OLAFUR/Documents/Unreal Projects/EnginePresentation/Saved/Config/Windows/Scalability.ini]
[2020.02.15-18.21.04:963][  0]LogConfig: Setting CVar [[r.HairStrands.SkyLighting.SampleCount:16]]
[2020.02.15-18.21.04:963][  0]LogConfig: Setting CVar [[r.HairStrands.SkyLighting.JitterIntegration:0]]
[2020.02.15-18.21.04:963][  0]LogConfig: Setting CVar [[r.HairStrands.SkyAO.SampleCount:16]]
[2020.02.15-18.21.04:963][  0]LogConfig: Applying CVar settings from Section [Startup] File [../../../Engine/Config/ConsoleVariables.ini]
[2020.02.15-18.21.04:964][  0]LogConfig: Setting CVar [[net.UseAdaptiveNetUpdateFrequency:0]]
[2020.02.15-18.21.04:964][  0]LogConfig: Setting CVar [[p.chaos.AllowCreatePhysxBodies:1]]
[2020.02.15-18.21.04:964][  0]LogConfig: Applying CVar settings from Section [ConsoleVariables] File [C:/Users/OLAFUR/Documents/Unreal Projects/EnginePresentation/Saved/Config/Windows/Engine.ini]
[2020.02.15-18.21.04:964][  0]LogInit: Computer: OLAF
[2020.02.15-18.21.04:964][  0]LogInit: User: OLAFUR
[2020.02.15-18.21.04:964][  0]LogInit: CPU Page size=4096, Cores=2
[2020.02.15-18.21.04:964][  0]LogInit: High frequency timer resolution =3.606720 MHz
[2020.02.15-18.21.04:964][  0]LogMemory: Memory total: Physical=7.9GB (8GB approx)
[2020.02.15-18.21.04:964][  0]LogMemory: Platform Memory Stats for Windows
[2020.02.15-18.21.04:964][  0]LogMemory: Process Physical Memory: 103.63 MB used, 103.63 MB peak
[2020.02.15-18.21.04:964][  0]LogMemory: Process Virtual Memory: 103.73 MB used, 103.73 MB peak
[2020.02.15-18.21.04:964][  0]LogMemory: Physical Memory: 3245.11 MB used,  4890.39 MB free, 8135.50 MB total
[2020.02.15-18.21.04:964][  0]LogMemory: Virtual Memory: 972.68 MB used,  134216752.00 MB free, 134217728.00 MB total
[2020.02.15-18.21.04:972][  0]LogWindows: WindowsPlatformFeatures enabled
[2020.02.15-18.21.04:996][  0]LogInit: Using OS detected language (en-US).
[2020.02.15-18.21.04:996][  0]LogInit: Using OS detected locale (en-US).
[2020.02.15-18.21.04:997][  0]LogTextLocalizationManager: No specific localization for 'en-US' exists, so the 'en' localization will be used.
[2020.02.15-18.21.05:266][  0]LogInit: Setting process to per monitor DPI aware
[2020.02.15-18.21.05:305][  0]LogSlate: New Slate User Created.  User Index 0, Is Virtual User: 0
[2020.02.15-18.21.05:305][  0]LogSlate: Slate User Registered.  User Index 0, Is Virtual User: 0
[2020.02.15-18.21.05:494][  0]LogHMD: Failed to initialize OpenVR with code 110
[2020.02.15-18.21.05:494][  0]LogD3D11RHI: D3D11 min allowed feature level: 11_0
[2020.02.15-18.21.05:494][  0]LogD3D11RHI: D3D11 max allowed feature level: 11_0
[2020.02.15-18.21.05:494][  0]LogD3D11RHI: D3D11 adapters:
[2020.02.15-18.21.05:509][  0]LogD3D11RHI:    0. 'AMD Radeon (TM) R7 360 Series' (Feature Level 11_0)
[2020.02.15-18.21.05:509][  0]LogD3D11RHI:       2023/0/3840 MB DedicatedVideo/DedicatedSystem/SharedSystem, Outputs:2, VendorId:0x1002
[2020.02.15-18.21.05:511][  0]LogD3D11RHI:    1. 'Microsoft Basic Render Driver' (Feature Level 11_0)
[2020.02.15-18.21.05:511][  0]LogD3D11RHI:       0/0/256 MB DedicatedVideo/DedicatedSystem/SharedSystem, Outputs:0, VendorId:0x1414
[2020.02.15-18.21.05:511][  0]LogD3D11RHI: Chosen D3D11 Adapter: 0
[2020.02.15-18.21.05:519][  0]LogD3D11RHI: Creating new Direct3DDevice
[2020.02.15-18.21.05:519][  0]LogD3D11RHI:     GPU DeviceId: 0x665f (for the marketing name, search the web for "GPU Device Id")
[2020.02.15-18.21.05:519][  0]LogWindows: EnumDisplayDevices:
[2020.02.15-18.21.05:519][  0]LogWindows:    0. 'AMD Radeon (TM) R7 360 Series' (P:0 D:1)
[2020.02.15-18.21.05:520][  0]LogWindows:    1. 'AMD Radeon (TM) R7 360 Series' (P:1 D:1)
[2020.02.15-18.21.05:520][  0]LogWindows:    2. 'AMD Radeon (TM) R7 360 Series' (P:0 D:0)
[2020.02.15-18.21.05:520][  0]LogWindows:    3. 'AMD Radeon (TM) R7 360 Series' (P:0 D:0)
[2020.02.15-18.21.05:521][  0]LogWindows:    4. 'AMD Radeon (TM) R7 360 Series' (P:0 D:0)
[2020.02.15-18.21.05:521][  0]LogWindows:    5. 'AMD Radeon (TM) R7 360 Series' (P:0 D:0)
[2020.02.15-18.21.05:521][  0]LogWindows: DebugString: FoundDriverCount:6 
[2020.02.15-18.21.05:521][  0]LogD3D11RHI:     Adapter Name: AMD Radeon (TM) R7 360 Series
[2020.02.15-18.21.05:521][  0]LogD3D11RHI:   Driver Version: Crimson 16.3.2 (internal:16.150.2211.0, unified:16.150.2211.0)
[2020.02.15-18.21.05:521][  0]LogD3D11RHI:      Driver Date: 3-21-2016
[2020.02.15-18.21.05:521][  0]LogRHI: Texture pool is 1416 MB (70% of 2023 MB)
[2020.02.15-18.21.05:584][  0]LogD3D11RHI: RHI does not have support for 64 bit atomics
[2020.02.15-18.21.05:585][  0]LogD3D11RHI: Async texture creation enabled
[2020.02.15-18.21.05:597][  0]LogD3D11RHI: GPU Timing Frequency: 27.000000 (Debug: 2 1)
[2020.02.15-18.21.05:605][  0]LogWindowsTextInputMethodSystem: Display: IME system now deactivated.
[2020.02.15-18.21.07:964][  0]LogWindowsTextInputMethodSystem: Display: IME system now deactivated.
[2020.02.15-18.21.07:966][  0]LogWindowsTextInputMethodSystem: Display: IME system now deactivated.
[2020.02.15-18.21.08:330][  0]LogTargetPlatformManager: Display: Loaded TargetPlatform 'AllDesktop'
[2020.02.15-18.21.08:375][  0]LogTargetPlatformManager: Display: Loaded TargetPlatform 'Android'
[2020.02.15-18.21.08:375][  0]LogTargetPlatformManager: Display: Loaded TargetPlatform 'Android_ASTC'
[2020.02.15-18.21.08:375][  0]LogTargetPlatformManager: Display: Loaded TargetPlatform 'Android_ATC'
[2020.02.15-18.21.08:375][  0]LogTargetPlatformManager: Display: Loaded TargetPlatform 'Android_DXT'
[2020.02.15-18.21.08:375][  0]LogTargetPlatformManager: Display: Loaded TargetPlatform 'Android_ETC1'
[2020.02.15-18.21.08:375][  0]LogTargetPlatformManager: Display: Loaded TargetPlatform 'Android_ETC1a'
[2020.02.15-18.21.08:375][  0]LogTargetPlatformManager: Display: Loaded TargetPlatform 'Android_ETC2'
[2020.02.15-18.21.08:375][  0]LogTargetPlatformManager: Display: Loaded TargetPlatform 'Android_PVRTC'
[2020.02.15-18.21.08:375][  0]LogTargetPlatformManager: Display: Loaded TargetPlatform 'AndroidClient'
[2020.02.15-18.21.08:375][  0]LogTargetPlatformManager: Display: Loaded TargetPlatform 'Android_ASTCClient'
[2020.02.15-18.21.08:375][  0]LogTargetPlatformManager: Display: Loaded TargetPlatform 'Android_ATCClient'
[2020.02.15-18.21.08:375][  0]LogTargetPlatformManager: Display: Loaded TargetPlatform 'Android_DXTClient'
[2020.02.15-18.21.08:375][  0]LogTargetPlatformManager: Display: Loaded TargetPlatform 'Android_ETC1Client'
[2020.02.15-18.21.08:375][  0]LogTargetPlatformManager: Display: Loaded TargetPlatform 'Android_ETC1aClient'
[2020.02.15-18.21.08:375][  0]LogTargetPlatformManager: Display: Loaded TargetPlatform 'Android_ETC2Client'
[2020.02.15-18.21.08:375][  0]LogTargetPlatformManager: Display: Loaded TargetPlatform 'Android_PVRTCClient'
[2020.02.15-18.21.08:375][  0]LogTargetPlatformManager: Display: Loaded TargetPlatform 'Android_Multi'
[2020.02.15-18.21.08:375][  0]LogTargetPlatformManager: Display: Loaded TargetPlatform 'Android_MultiClient'
[2020.02.15-18.21.08:402][  0]LogTargetPlatformManager: Display: Loaded TargetPlatform 'IOSClient'
[2020.02.15-18.21.08:402][  0]LogTargetPlatformManager: Display: Loaded TargetPlatform 'IOS'
[2020.02.15-18.21.08:413][  0]LogTargetPlatformManager: Display: Loaded TargetPlatform 'LinuxNoEditor'
[2020.02.15-18.21.08:424][  0]LogTargetPlatformManager: Display: Loaded TargetPlatform 'LinuxClient'
[2020.02.15-18.21.08:434][  0]LogTargetPlatformManager: Display: Loaded TargetPlatform 'LinuxServer'
[2020.02.15-18.21.08:445][  0]LogTargetPlatformManager: Display: Loaded TargetPlatform 'LinuxAArch64NoEditor'
[2020.02.15-18.21.08:455][  0]LogTargetPlatformManager: Display: Loaded TargetPlatform 'LinuxAArch64Client'
[2020.02.15-18.21.08:465][  0]LogTargetPlatformManager: Display: Loaded TargetPlatform 'LinuxAArch64Server'
[2020.02.15-18.21.08:500][  0]LogTargetPlatformManager: Display: Loaded TargetPlatform 'Lumin'
[2020.02.15-18.21.08:500][  0]LogTargetPlatformManager: Display: Loaded TargetPlatform 'LuminClient'
[2020.02.15-18.21.08:531][  0]LogTargetPlatformManager: Display: Loaded TargetPlatform 'TVOSClient'
[2020.02.15-18.21.08:531][  0]LogTargetPlatformManager: Display: Loaded TargetPlatform 'TVOS'
[2020.02.15-18.21.08:542][  0]LogTargetPlatformManager: Display: Loaded TargetPlatform 'WindowsNoEditor'
[2020.02.15-18.21.08:554][  0]LogTargetPlatformManager: Display: Loaded TargetPlatform 'Windows'
[2020.02.15-18.21.08:564][  0]LogTargetPlatformManager: Display: Loaded TargetPlatform 'WindowsClient'
[2020.02.15-18.21.08:575][  0]LogTargetPlatformManager: Display: Loaded TargetPlatform 'WindowsServer'
[2020.02.15-18.21.08:575][  0]LogTargetPlatformManager: Display: Building Assets For Windows
[2020.02.15-18.21.08:592][  0]LogAudioDebug: Display: Lib vorbis DLL was dynamically loaded.
[2020.02.15-18.21.08:624][  0]LogShaderCompilers: Guid format shader working directory is -28 characters bigger than the processId version (../../../../../../Users/OLAFUR/Documents/Unreal Projects/EnginePresentation/Intermediate/Shaders/WorkingDirectory/6212/).
[2020.02.15-18.21.08:625][  0]LogShaderCompilers: Cleaned the shader compiler working directory 'C:/Users/OLAFUR/AppData/Local/Temp/UnrealShaderWorkingDir/3BFD2BE24CC5EC1E6C0A06876C5CBDF5/'.
[2020.02.15-18.21.08:625][  0]LogXGEController: Cannot use XGE Controller as Incredibuild is not installed on this machine.
[2020.02.15-18.21.08:625][  0]LogShaderCompilers: Cannot use XGE Shader Compiler as Incredibuild is not installed on this machine.
[2020.02.15-18.21.08:625][  0]LogShaderCompilers: Display: Using Local Shader Compiler.
[2020.02.15-18.21.09:830][  0]LogDerivedDataCache: Display: Max Cache Size: 512 MB
[2020.02.15-18.21.09:962][  0]LogDerivedDataCache: Loaded boot cache 0.13s 82MB C:/Users/OLAFUR/AppData/Local/UnrealEngine/4.24/DerivedDataCache/Boot.ddc.
[2020.02.15-18.21.09:962][  0]LogDerivedDataCache: Display: Loaded Boot cache: C:/Users/OLAFUR/AppData/Local/UnrealEngine/4.24/DerivedDataCache/Boot.ddc
[2020.02.15-18.21.09:962][  0]LogDerivedDataCache: FDerivedDataBackendGraph:  Pak pak cache file ../../../../../../Users/OLAFUR/Documents/Unreal Projects/EnginePresentation/DerivedDataCache/DDC.ddp not found, will not use a pak cache.
[2020.02.15-18.21.09:962][  0]LogDerivedDataCache: Unable to find inner node Pak for hierarchical cache Hierarchy.
[2020.02.15-18.21.09:962][  0]LogDerivedDataCache: FDerivedDataBackendGraph:  CompressedPak pak cache file ../../../../../../Users/OLAFUR/Documents/Unreal Projects/EnginePresentation/DerivedDataCache/Compressed.ddp not found, will not use a pak cache.
[2020.02.15-18.21.09:962][  0]LogDerivedDataCache: Unable to find inner node CompressedPak for hierarchical cache Hierarchy.
[2020.02.15-18.21.09:975][  0]LogDerivedDataCache: Display: Pak cache opened for reading ../../../Engine/DerivedDataCache/Compressed.ddp.
[2020.02.15-18.21.09:976][  0]LogDerivedDataCache: FDerivedDataBackendGraph:  EnterprisePak pak cache file ../../../Enterprise/DerivedDataCache/Compressed.ddp not found, will not use a pak cache.
[2020.02.15-18.21.09:976][  0]LogDerivedDataCache: Unable to find inner node EnterprisePak for hierarchical cache Hierarchy.
[2020.02.15-18.21.09:977][  0]LogDerivedDataCache: Using Local data cache path C:/Users/OLAFUR/AppData/Local/UnrealEngine/Common/DerivedDataCache: Writable
[2020.02.15-18.21.09:978][  0]LogDerivedDataCache: Shared data cache path not found in *engine.ini, will not use an Shared cache.
[2020.02.15-18.21.09:978][  0]LogDerivedDataCache: Unable to find inner node Shared for hierarchical cache Hierarchy.
[2020.02.15-18.21.10:018][  0]LogMaterial: Verifying Global Shaders for PCD3D_SM5
[2020.02.15-18.21.10:022][  0]LogSlate: Using FreeType 2.10.0
[2020.02.15-18.21.10:022][  0]LogSlate: SlateFontServices - WITH_FREETYPE: 1, WITH_HARFBUZZ: 1
[2020.02.15-18.21.10:100][  0]LogAssetRegistry: FAssetRegistry took 0.0034 seconds to start up
[2020.02.15-18.21.10:562][  0]LogInit: Selected Device Profile: [Windows]
[2020.02.15-18.21.10:774][  0]LogMeshReduction: Using QuadricMeshReduction for automatic static mesh reduction
[2020.02.15-18.21.10:774][  0]LogMeshReduction: Using SimplygonMeshReduction for automatic skeletal mesh reduction
[2020.02.15-18.21.10:774][  0]LogMeshReduction: Using ProxyLODMeshReduction for automatic mesh merging
[2020.02.15-18.21.10:774][  0]LogMeshReduction: No distributed automatic mesh merging module available
[2020.02.15-18.21.10:774][  0]LogMeshMerging: No distributed automatic mesh merging module available
[2020.02.15-18.21.10:803][  0]LogNetVersion: EngineDemo 1.0.0, NetCL: 10570792, EngineNetVer: 13, GameNetVer: 0 (Checksum: 2724307315)
[2020.02.15-18.21.11:650][  0]Warning: ImportText (FrameRate): Missing opening parenthesis: 60,Resolution=(ResX=1920,ResY=1080),bEnableTextureStreaming=True,bCinematicEngineScalability=False,bCinematicMode=True,bAllowMovement=False,bAllowTurning=False,bShowPlayer=False,bShowHUD=False)
[2020.02.15-18.21.12:315][  0]LogPackageLocalizationCache: Processed 10 localized package path(s) for 1 prioritized culture(s) in 0.148205 seconds
[2020.02.15-18.21.12:326][  0]LogUObjectArray: 46750 objects as part of root set at end of initial load.
[2020.02.15-18.21.12:326][  0]LogUObjectAllocator: 8137160 out of 0 bytes used by permanent object pool.
[2020.02.15-18.21.12:326][  0]LogUObjectArray: CloseDisregardForGC: 0/0 objects in disregard for GC pool
[2020.02.15-18.21.12:877][  0]LogTcpMessaging: Initializing TcpMessaging bridge
[2020.02.15-18.21.12:882][  0]LogUdpMessaging: Initializing bridge on interface 0.0.0.0:0 to multicast group 230.0.0.1:6666.
[2020.02.15-18.21.14:666][  0]SourceControl: Source control is disabled
[2020.02.15-18.21.14:667][  0]SourceControl: Source control is disabled
[2020.02.15-18.21.14:672][  0]SourceControl: Source control is disabled
[2020.02.15-18.21.14:673][  0]SourceControl: Source control is disabled
[2020.02.15-18.21.14:675][  0]SourceControl: Source control is disabled
[2020.02.15-18.21.14:808][  0]LogAndroidPermission: UAndroidPermissionCallbackProxy::GetInstance
[2020.02.15-18.21.14:828][  0]LogAudioCaptureCore: Display: No Audio Capture implementations found. Audio input will be silent.
[2020.02.15-18.21.14:828][  0]LogAudioCaptureCore: Display: No Audio Capture implementations found. Audio input will be silent.
[2020.02.15-18.21.14:956][  0]LogOcInput: OculusInput pre-init called
[2020.02.15-18.21.14:968][  0]LogWindows: Failed to load 'OVRPlugin.dll' (GetLastError=126)
[2020.02.15-18.21.14:968][  0]LogWindows: File 'OVRPlugin.dll' does not exist
[2020.02.15-18.21.15:063][  0]LogEngine: Initializing Engine...
[2020.02.15-18.21.15:064][  0]LogHMD: Failed to initialize OpenVR with code 110
[2020.02.15-18.21.15:065][  0]LogStats: UGameplayTagsManager::InitializeManager -  0.000 s
[2020.02.15-18.21.15:575][  0]LogInit: Initializing FReadOnlyCVARCache
[2020.02.15-18.21.15:596][  0]LogAIModule: Creating AISystem for world Untitled
[2020.02.15-18.21.15:624][  0]LogAudioMixer: Display: Audio Mixer Platform Settings:
[2020.02.15-18.21.15:624][  0]LogAudioMixer: Display: 	Sample Rate:						  48000
[2020.02.15-18.21.15:624][  0]LogAudioMixer: Display: 	Callback Buffer Frame Size Requested: 1024
[2020.02.15-18.21.15:624][  0]LogAudioMixer: Display: 	Callback Buffer Frame Size To Use:	  1024
[2020.02.15-18.21.15:624][  0]LogAudioMixer: Display: 	Number of buffers to queue:			  2
[2020.02.15-18.21.15:624][  0]LogAudioMixer: Display: 	Max Channels (voices):				  32
[2020.02.15-18.21.15:624][  0]LogAudioMixer: Display: 	Number of Async Source Workers:		  0
[2020.02.15-18.21.15:624][  0]LogAudio: Display: AudioDevice MaxSources: 32
[2020.02.15-18.21.15:625][  0]LogAudio: Display: Using built-in audio occlusion.
[2020.02.15-18.21.15:625][  0]LogAudioMixer: Display: Initializing audio mixer.
[2020.02.15-18.21.15:645][  0]LogAudioMixer: Display: Audio Device Output Speaker Info:
[2020.02.15-18.21.15:645][  0]LogAudioMixer: Display: Name: Speakers (2- High Definition Audio Device)
[2020.02.15-18.21.15:645][  0]LogAudioMixer: Display: Is Default: Yes
[2020.02.15-18.21.15:645][  0]LogAudioMixer: Display: Sample Rate: 44100
[2020.02.15-18.21.15:645][  0]LogAudioMixer: Display: Channel Count Used: 2
[2020.02.15-18.21.15:645][  0]LogAudioMixer: Display: Device Channel Count: 2
[2020.02.15-18.21.15:645][  0]LogAudioMixer: Display: Channel Order:
[2020.02.15-18.21.15:645][  0]LogAudioMixer: Display: 0: FrontLeft
[2020.02.15-18.21.15:645][  0]LogAudioMixer: Display: 1: FrontRight
[2020.02.15-18.21.15:669][  0]LogAudioMixer: Display: Using Audio Device Speakers (2- High Definition Audio Device)
[2020.02.15-18.21.15:686][  0]LogInit: FAudioDevice initialized.
[2020.02.15-18.21.15:687][  0]LogNetVersion: Set ProjectVersion to 1.0.0.0. Version Checksum will be recalculated on next use.
[2020.02.15-18.21.15:895][  0]LogDerivedDataCache: Saved boot cache 0.21s 82MB C:/Users/OLAFUR/AppData/Local/UnrealEngine/4.24/DerivedDataCache/Boot.ddc.
[2020.02.15-18.21.15:901][  0]LogInit: Texture streaming: Enabled
[2020.02.15-18.21.15:920][  0]LogEngineSessionManager: EngineSessionManager initialized
[2020.02.15-18.21.15:920][  0]LogEditorSessionSummary: Verbose: Initializing EditorSessionSummaryWriter for editor session tracking
[2020.02.15-18.21.15:969][  0]LogEditorSessionSummary: EditorSessionSummaryWriter initialized
[2020.02.15-18.21.16:042][  0]LogInit: Transaction tracking system initialized
[2020.02.15-18.21.16:058][  0]BlueprintLog: New page: Editor Load
[2020.02.15-18.21.16:104][  0]LocalizationService: Localization service is disabled
[2020.02.15-18.21.16:487][  0]LogCook: Display: Max memory allowance for cook 16384mb min free memory 0mb
[2020.02.15-18.21.16:487][  0]LogCook: Display: Mobile HDR setting 1
[2020.02.15-18.21.16:608][  0]LogFileCache: Scanning file cache for directory 'C:/Users/OLAFUR/Documents/Unreal Projects/EnginePresentation/Content/' took 0.10s
[2020.02.15-18.21.17:421][  0]SourceControl: Source control is disabled
[2020.02.15-18.21.17:422][  0]Cmd: MAP LOAD FILE="../../../../../../Users/OLAFUR/Documents/Unreal Projects/EnginePresentation/Content/ThirdPersonCPP/Maps/ThirdPersonExampleMap.umap" TEMPLATE=0 SHOWPROGRESS=1 FEATURELEVEL=3
[2020.02.15-18.21.17:422][  0]LightingResults: New page: Lighting Build
[2020.02.15-18.21.17:423][  0]LogWorld: UWorld::CleanupWorld for Untitled, bSessionEnded=true, bCleanupResources=true
[2020.02.15-18.21.17:423][  0]LogSlate: InvalidateAllWidgets triggered.  All widgets were invalidated
[2020.02.15-18.21.17:423][  0]MapCheck: New page: Map Check
[2020.02.15-18.21.17:423][  0]LightingResults: New page: Lighting Build
[2020.02.15-18.21.17:474][  0]LogUObjectHash: Compacting FUObjectHashTables data took   4.54ms
[2020.02.15-18.21.21:501][  0]LogTexture: Display: Building textures: HQ_Lightmap0_2 (AutoDXT, 512X512)
[2020.02.15-18.21.21:501][  0]LogTexture: Display: Building textures: HQ_Lightmap0_1 (AutoDXT, 1024X1024)
[2020.02.15-18.21.21:501][  0]LogTexture: Display: Building textures: HQ_Lightmap0_3 (AutoDXT, 64X64)
[2020.02.15-18.21.21:501][  0]LogTexture: Display: Building textures: LQ_Lightmap_0_1 (DXT1, 1024X1024)
[2020.02.15-18.21.21:501][  0]LogTexture: Display: Building textures: LQ_Lightmap_0_2 (DXT1, 512X512)
[2020.02.15-18.21.23:014][  0]LogTexture: Display: Building textures: LQ_Lightmap_0_3 (DXT1, 64X64)
[2020.02.15-18.21.23:014][  0]LogTexture: Display: Building textures: SkyOcclusion0_1 (AutoDXT, 1024X512)
[2020.02.15-18.21.23:014][  0]LogTexture: Display: Building textures: SkyOcclusion0_2 (AutoDXT, 512X256)
[2020.02.15-18.21.23:014][  0]LogTexture: Display: Building textures: SkyOcclusion0_3 (AutoDXT, 64X32)
[2020.02.15-18.21.23:014][  0]LogTexture: Display: Building textures: ShadowMapTexture2D_0 (BGRA8, 1024X1024)
[2020.02.15-18.21.23:014][  0]LogTexture: Display: Building textures: ShadowMapTexture2D_1 (BGRA8, 32X32)
[2020.02.15-18.21.23:014][  0]LogMaterial: Display: Missing cached shader map for material M_UE4Man_Body, compiling. 
[2020.02.15-18.21.24:664][  0]LogShaderCompilers: Display: Worker (1/3): shaders left to compile 98
[2020.02.15-18.21.24:664][  0]LogShaderCompilers: Display: Worker (2/3): shaders left to compile 88
[2020.02.15-18.21.24:664][  0]LogShaderCompilers: Display: Worker (3/3): shaders left to compile 78
[2020.02.15-18.21.24:664][  0]LogAIModule: Creating AISystem for world ThirdPersonExampleMap
[2020.02.15-18.21.24:759][  0]LogEditorServer: Finished looking for orphan Actors (0.000 secs)
[2020.02.15-18.21.24:885][  0]LogUObjectHash: Compacting FUObjectHashTables data took   6.49ms
[2020.02.15-18.21.24:892][  0]Cmd: MAP CHECKDEP NOCLEARLOG
[2020.02.15-18.21.24:893][  0]MapCheck: Map check complete: 0 Error(s), 0 Warning(s), took 0.457ms to complete.
[2020.02.15-18.21.24:893][  0]LogFileHelpers: Loading map 'ThirdPersonExampleMap' took 7.472
[2020.02.15-18.21.25:244][  0]LogSlate: Updating window title bar state: overlay mode, drag disabled, window buttons hidden, title bar hidden
[2020.02.15-18.21.25:257][  0]LogSlate: Updating window title bar state: overlay mode, drag disabled, window buttons hidden, title bar hidden
[2020.02.15-18.21.25:270][  0]LogSlate: Updating window title bar state: overlay mode, drag disabled, window buttons hidden, title bar hidden
[2020.02.15-18.21.25:286][  0]LogSlate: Updating window title bar state: overlay mode, drag disabled, window buttons hidden, title bar hidden
[2020.02.15-18.21.25:316][  0]LogCollectionManager: Loaded 0 collections in 0.003645 seconds
[2020.02.15-18.21.25:353][  0]LogFileCache: Scanning file cache for directory 'C:/Users/OLAFUR/Documents/Unreal Projects/EnginePresentation/Saved/Collections/' took 0.00s
[2020.02.15-18.21.25:353][  0]LogFileCache: Scanning file cache for directory 'C:/Users/OLAFUR/Documents/Unreal Projects/EnginePresentation/Content/Developers/OLAFUR/Collections/' took 0.00s
[2020.02.15-18.21.25:353][  0]LogFileCache: Scanning file cache for directory 'C:/Users/OLAFUR/Documents/Unreal Projects/EnginePresentation/Content/Collections/' took 0.00s
[2020.02.15-18.21.25:353][  0]LogContentBrowser: Native class hierarchy populated in 0.0166 seconds. Added 3017 classes and 719 folders.
[2020.02.15-18.21.25:379][  0]LogContentBrowser: Native class hierarchy updated for 'WidgetCarousel' in 0.0008 seconds. Added 0 classes and 0 folders.
[2020.02.15-18.21.27:015][  0]LogContentBrowser: Native class hierarchy updated for 'AddContentDialog' in 0.0014 seconds. Added 0 classes and 0 folders.
[2020.02.15-18.21.27:053][  0]LogContentBrowser: Native class hierarchy updated for 'SceneOutliner' in 0.0017 seconds. Added 2 classes and 3 folders.
[2020.02.15-18.21.27:273][  0]LogSlate: Took 0.000406 seconds to synchronously load lazily loaded font '../../../Engine/Content/Slate/Fonts/Roboto-Regular.ttf' (155K)
[2020.02.15-18.21.27:275][  0]LogSlate: Took 0.000268 seconds to synchronously load lazily loaded font '../../../Engine/Content/Slate/Fonts/Roboto-Bold.ttf' (160K)
[2020.02.15-18.21.27:297][  0]LogSlate: Took 0.015436 seconds to synchronously load lazily loaded font '../../../Engine/Content/Editor/Slate/Fonts/FontAwesome.ttf' (139K)
[2020.02.15-18.21.27:543][  0]LogShaderCompilers: Display: Worker (2/3): shaders left to compile 68
[2020.02.15-18.21.27:543][  0]LogRenderer: Reallocating scene render targets to support 1208x572 Format 10 NumSamples 1 (Frame:1).
[2020.02.15-18.21.28:204][  0]LogContentBrowser: Native class hierarchy updated for 'HierarchicalLODOutliner' in 0.0011 seconds. Added 0 classes and 0 folders.
[2020.02.15-18.21.28:204][  0]LogLoad: (Engine Initialization) Total time: 26.30 seconds
[2020.02.15-18.21.28:204][  0]LogLoad: (Engine Initialization) Total Blueprint compile time: 0.00 seconds
[2020.02.15-18.21.28:283][  0]LogContentStreaming: Texture pool size now 1000 MB
[2020.02.15-18.21.29:042][ 11]LogAssetRegistry: Asset discovery search completed in 18.9428 seconds
[2020.02.15-18.21.29:045][ 11]LogAssetManager: Warning: Found Duplicate PrimaryAssetID Map:/Game/Maps/Level/ThirdPersonExampleMap, this must be resolved before saving. Path /Game/Maps/Level/ThirdPersonExampleMap.ThirdPersonExampleMap is replacing path /Game/Maps/Level/New/ThirdPersonExampleMap.ThirdPersonExampleMap
[2020.02.15-18.21.29:055][ 11]LogCollectionManager: Fixed up redirectors for 0 collections in 0.000020 seconds (updated 0 objects)
[2020.02.15-18.21.29:257][ 13]LogShaderCompilers: Display: Worker (1/3): shaders left to compile 58
[2020.02.15-18.21.32:829][335]LogSlate: Took 0.000407 seconds to synchronously load lazily loaded font '../../../Engine/Content/Slate/Fonts/Roboto-Light.ttf' (167K)
[2020.02.15-18.21.34:074][409]LogTemp: Repeating last play command: Selected Viewport
[2020.02.15-18.21.40:715][409]LogShaderCompilers: Display: Worker (3/3): shaders left to compile 48
[2020.02.15-18.21.40:715][409]LogShaderCompilers: Display: Worker (1/3): shaders left to compile 38
[2020.02.15-18.21.40:715][409]LogShaderCompilers: Display: Worker (2/3): shaders left to compile 28
[2020.02.15-18.21.40:715][409]LogShaderCompilers: Display: Worker (2/3): shaders left to compile 18
[2020.02.15-18.21.40:715][409]LogShaderCompilers: Display: Worker (1/3): shaders left to compile 11
[2020.02.15-18.21.40:715][409]LogShaderCompilers: Display: Worker (3/3): shaders left to compile 7
[2020.02.15-18.21.40:715][409]LogShaderCompilers: Display: Worker (3/3): shaders left to compile 4
[2020.02.15-18.21.40:715][409]LogShaderCompilers: Display: Worker (1/3): shaders left to compile 2
[2020.02.15-18.21.40:715][409]LogBlueprintUserMessages: Early PlayInEditor Detection: Level '/Game/ThirdPersonCPP/Maps/ThirdPersonExampleMap.ThirdPersonExampleMap:PersistentLevel' has LevelScriptBlueprint '/Game/ThirdPersonCPP/Maps/ThirdPersonExampleMap.ThirdPersonExampleMap:PersistentLevel.ThirdPersonExampleMap' with GeneratedClass '/Game/ThirdPersonCPP/Maps/ThirdPersonExampleMap.ThirdPersonExampleMap_C' with ClassGeneratedBy '/Game/ThirdPersonCPP/Maps/ThirdPersonExampleMap.ThirdPersonExampleMap:PersistentLevel.ThirdPersonExampleMap'
[2020.02.15-18.21.40:715][409]LogPlayLevel: PlayLevel: No blueprints needed recompiling
[2020.02.15-18.21.40:763][409]PIE: New page: PIE session: ThirdPersonExampleMap (Feb 15, 2020, 6:21:40 PM)
[2020.02.15-18.21.40:765][409]LogOnline: OSS: Creating online subsystem instance for: NULL
[2020.02.15-18.21.40:767][409]LogOnline: OSS: TryLoadSubsystemAndSetDefault: Loaded subsystem for module [NULL]
[2020.02.15-18.21.40:767][409]LogPlayLevel: Creating play world package: /Game/ThirdPersonCPP/Maps/UEDPIE_0_ThirdPersonExampleMap
[2020.02.15-18.21.40:817][409]LogPlayLevel: PIE: StaticDuplicateObject took: (0.049080s)
[2020.02.15-18.21.40:819][409]LogAIModule: Creating AISystem for world ThirdPersonExampleMap
[2020.02.15-18.21.40:820][409]LogPlayLevel: PIE: World Init took: (0.002714s)
[2020.02.15-18.21.40:820][409]LogPlayLevel: PIE: Created PIE world by copying editor world from /Game/ThirdPersonCPP/Maps/ThirdPersonExampleMap.ThirdPersonExampleMap to /Game/ThirdPersonCPP/Maps/UEDPIE_0_ThirdPersonExampleMap.ThirdPersonExampleMap (0.052300s)
[2020.02.15-18.21.40:888][409]LogShaderCompilers: Display: Worker (2/3): shaders left to compile 1
[2020.02.15-18.21.40:888][409]LogUObjectHash: Compacting FUObjectHashTables data took   3.51ms
[2020.02.15-18.21.40:897][409]LogAudioMixer: Display: Audio Mixer Platform Settings:
[2020.02.15-18.21.40:897][409]LogAudioMixer: Display: 	Sample Rate:						  48000
[2020.02.15-18.21.40:897][409]LogAudioMixer: Display: 	Callback Buffer Frame Size Requested: 1024
[2020.02.15-18.21.40:897][409]LogAudioMixer: Display: 	Callback Buffer Frame Size To Use:	  1024
[2020.02.15-18.21.40:897][409]LogAudioMixer: Display: 	Number of buffers to queue:			  2
[2020.02.15-18.21.40:897][409]LogAudioMixer: Display: 	Max Channels (voices):				  32
[2020.02.15-18.21.40:897][409]LogAudioMixer: Display: 	Number of Async Source Workers:		  0
[2020.02.15-18.21.40:897][409]LogAudio: Display: AudioDevice MaxSources: 32
[2020.02.15-18.21.40:898][409]LogAudio: Display: Using built-in audio occlusion.
[2020.02.15-18.21.40:898][409]LogAudioMixer: Display: Initializing audio mixer.
[2020.02.15-18.21.40:915][409]LogAudioMixer: Display: Audio Device Output Speaker Info:
[2020.02.15-18.21.40:915][409]LogAudioMixer: Display: Name: Speakers (2- High Definition Audio Device)
[2020.02.15-18.21.40:915][409]LogAudioMixer: Display: Is Default: Yes
[2020.02.15-18.21.40:915][409]LogAudioMixer: Display: Sample Rate: 44100
[2020.02.15-18.21.40:915][409]LogAudioMixer: Display: Channel Count Used: 2
[2020.02.15-18.21.40:915][409]LogAudioMixer: Display: Device Channel Count: 2
[2020.02.15-18.21.40:915][409]LogAudioMixer: Display: Channel Order:
[2020.02.15-18.21.40:915][409]LogAudioMixer: Display: 0: FrontLeft
[2020.02.15-18.21.40:915][409]LogAudioMixer: Display: 1: FrontRight
[2020.02.15-18.21.40:929][409]LogAudioMixer: Display: Using Audio Device Speakers (2- High Definition Audio Device)
[2020.02.15-18.21.40:932][409]LogInit: FAudioDevice initialized.
[2020.02.15-18.21.43:493][409]LogLoad: Game class is 'RenderToTexture_Game_C'
[2020.02.15-18.21.43:496][409]LogWorld: Bringing World /Game/ThirdPersonCPP/Maps/UEDPIE_0_ThirdPersonExampleMap.ThirdPersonExampleMap up for play (max tick rate 0) at 2020.02.15-18.21.43
[2020.02.15-18.21.43:522][409]LogWorld: Bringing up level for play took: 0.029102
[2020.02.15-18.21.43:522][409]LogOnline: OSS: Creating online subsystem instance for: :Context_1
[2020.02.15-18.21.43:532][409]LogContentBrowser: Native class hierarchy updated for 'MovieSceneCapture' in 0.0009 seconds. Added 20 classes and 0 folders.
[2020.02.15-18.21.43:533][409]LogGameMode: Display: Match State Changed from EnteringMap to WaitingToStart
[2020.02.15-18.21.43:533][409]LogGameState: Match State Changed from EnteringMap to WaitingToStart
[2020.02.15-18.21.43:533][409]LogGameMode: Display: Match State Changed from WaitingToStart to InProgress
[2020.02.15-18.21.43:554][409]LogGameState: Match State Changed from WaitingToStart to InProgress
[2020.02.15-18.21.43:555][409]PIE: Play in editor start time for /Game/ThirdPersonCPP/Maps/UEDPIE_0_ThirdPersonExampleMap 3.667
[2020.02.15-18.21.43:556][409]LogBlueprintUserMessages: Late PlayInEditor Detection: Level '/Game/ThirdPersonCPP/Maps/ThirdPersonExampleMap.ThirdPersonExampleMap:PersistentLevel' has LevelScriptBlueprint '/Game/ThirdPersonCPP/Maps/ThirdPersonExampleMap.ThirdPersonExampleMap:PersistentLevel.ThirdPersonExampleMap' with GeneratedClass '/Game/ThirdPersonCPP/Maps/ThirdPersonExampleMap.ThirdPersonExampleMap_C' with ClassGeneratedBy '/Game/ThirdPersonCPP/Maps/ThirdPersonExampleMap.ThirdPersonExampleMap:PersistentLevel.ThirdPersonExampleMap'
[2020.02.15-18.21.57:028][554]LogAudioMixer: Display: No commands were queued while flushing the source manager.
[2020.02.15-18.21.57:028][554]LogAudioMixer: Display: No commands were queued while flushing the source manager.
[2020.02.15-18.21.57:028][554]LogBlueprintUserMessages: Early EndPlayMap Detection: Level '/Game/ThirdPersonCPP/Maps/ThirdPersonExampleMap.ThirdPersonExampleMap:PersistentLevel' has LevelScriptBlueprint '/Game/ThirdPersonCPP/Maps/ThirdPersonExampleMap.ThirdPersonExampleMap:PersistentLevel.ThirdPersonExampleMap' with GeneratedClass '/Game/ThirdPersonCPP/Maps/ThirdPersonExampleMap.ThirdPersonExampleMap_C' with ClassGeneratedBy '/Game/ThirdPersonCPP/Maps/ThirdPersonExampleMap.ThirdPersonExampleMap:PersistentLevel.ThirdPersonExampleMap'
[2020.02.15-18.21.57:028][554]LogSlate: Updating window title bar state: overlay mode, drag disabled, window buttons hidden, title bar hidden
[2020.02.15-18.21.57:028][554]LogWorld: BeginTearingDown for /Game/ThirdPersonCPP/Maps/UEDPIE_0_ThirdPersonExampleMap
[2020.02.15-18.21.57:028][554]LogAudioMixer: Display: No commands were queued while flushing the source manager.
[2020.02.15-18.21.57:029][554]LogWorld: UWorld::CleanupWorld for ThirdPersonExampleMap, bSessionEnded=true, bCleanupResources=true
[2020.02.15-18.21.57:030][554]LogSlate: InvalidateAllWidgets triggered.  All widgets were invalidated
[2020.02.15-18.21.57:044][554]LogPlayLevel: Display: Shutting down PIE online subsystems
[2020.02.15-18.21.57:044][554]LogBlueprintUserMessages: Late EndPlayMap Detection: Level '/Game/ThirdPersonCPP/Maps/ThirdPersonExampleMap.ThirdPersonExampleMap:PersistentLevel' has LevelScriptBlueprint '/Game/ThirdPersonCPP/Maps/ThirdPersonExampleMap.ThirdPersonExampleMap:PersistentLevel.ThirdPersonExampleMap' with GeneratedClass '/Game/ThirdPersonCPP/Maps/ThirdPersonExampleMap.ThirdPersonExampleMap_C' with ClassGeneratedBy '/Game/ThirdPersonCPP/Maps/ThirdPersonExampleMap.ThirdPersonExampleMap:PersistentLevel.ThirdPersonExampleMap'
[2020.02.15-18.21.57:051][554]LogSlate: InvalidateAllWidgets triggered.  All widgets were invalidated
[2020.02.15-18.21.57:094][554]LogAudioMixer: Display: No commands were queued while flushing the source manager.
[2020.02.15-18.21.57:098][554]LogSlate: Updating window title bar state: overlay mode, drag disabled, window buttons hidden, title bar hidden
[2020.02.15-18.21.57:162][554]LogUObjectHash: Compacting FUObjectHashTables data took   7.28ms
[2020.02.15-18.21.57:194][555]LogPlayLevel: Display: Destroying online subsystem :Context_1
[2020.02.15-18.22.11:826][609]LogTemp: Repeating last play command: Selected Viewport
[2020.02.15-18.22.11:854][609]LogBlueprintUserMessages: Early PlayInEditor Detection: Level '/Game/ThirdPersonCPP/Maps/ThirdPersonExampleMap.ThirdPersonExampleMap:PersistentLevel' has LevelScriptBlueprint '/Game/ThirdPersonCPP/Maps/ThirdPersonExampleMap.ThirdPersonExampleMap:PersistentLevel.ThirdPersonExampleMap' with GeneratedClass '/Game/ThirdPersonCPP/Maps/ThirdPersonExampleMap.ThirdPersonExampleMap_C' with ClassGeneratedBy '/Game/ThirdPersonCPP/Maps/ThirdPersonExampleMap.ThirdPersonExampleMap:PersistentLevel.ThirdPersonExampleMap'
[2020.02.15-18.22.11:854][609]LogPlayLevel: PlayLevel: No blueprints needed recompiling
[2020.02.15-18.22.11:855][609]PIE: New page: PIE session: ThirdPersonExampleMap (Feb 15, 2020, 6:22:11 PM)
[2020.02.15-18.22.11:855][609]LogPlayLevel: Creating play world package: /Game/ThirdPersonCPP/Maps/UEDPIE_0_ThirdPersonExampleMap
[2020.02.15-18.22.11:881][609]LogPlayLevel: PIE: StaticDuplicateObject took: (0.026178s)
[2020.02.15-18.22.11:882][609]LogAIModule: Creating AISystem for world ThirdPersonExampleMap
[2020.02.15-18.22.11:883][609]LogPlayLevel: PIE: World Init took: (0.001554s)
[2020.02.15-18.22.11:883][609]LogPlayLevel: PIE: Created PIE world by copying editor world from /Game/ThirdPersonCPP/Maps/ThirdPersonExampleMap.ThirdPersonExampleMap to /Game/ThirdPersonCPP/Maps/UEDPIE_0_ThirdPersonExampleMap.ThirdPersonExampleMap (0.027948s)
[2020.02.15-18.22.11:930][609]LogUObjectHash: Compacting FUObjectHashTables data took   3.85ms
[2020.02.15-18.22.11:935][609]LogAudioMixer: Display: Audio Mixer Platform Settings:
[2020.02.15-18.22.11:935][609]LogAudioMixer: Display: 	Sample Rate:						  48000
[2020.02.15-18.22.11:935][609]LogAudioMixer: Display: 	Callback Buffer Frame Size Requested: 1024
[2020.02.15-18.22.11:935][609]LogAudioMixer: Display: 	Callback Buffer Frame Size To Use:	  1024
[2020.02.15-18.22.11:935][609]LogAudioMixer: Display: 	Number of buffers to queue:			  2
[2020.02.15-18.22.11:935][609]LogAudioMixer: Display: 	Max Channels (voices):				  32
[2020.02.15-18.22.11:935][609]LogAudioMixer: Display: 	Number of Async Source Workers:		  0
[2020.02.15-18.22.11:935][609]LogAudio: Display: AudioDevice MaxSources: 32
[2020.02.15-18.22.11:936][609]LogAudio: Display: Using built-in audio occlusion.
[2020.02.15-18.22.11:936][609]LogAudioMixer: Display: Initializing audio mixer.
[2020.02.15-18.22.11:950][609]LogAudioMixer: Display: Audio Device Output Speaker Info:
[2020.02.15-18.22.11:950][609]LogAudioMixer: Display: Name: Speakers (2- High Definition Audio Device)
[2020.02.15-18.22.11:950][609]LogAudioMixer: Display: Is Default: Yes
[2020.02.15-18.22.11:950][609]LogAudioMixer: Display: Sample Rate: 44100
[2020.02.15-18.22.11:950][609]LogAudioMixer: Display: Channel Count Used: 2
[2020.02.15-18.22.11:950][609]LogAudioMixer: Display: Device Channel Count: 2
[2020.02.15-18.22.11:950][609]LogAudioMixer: Display: Channel Order:
[2020.02.15-18.22.11:950][609]LogAudioMixer: Display: 0: FrontLeft
[2020.02.15-18.22.11:950][609]LogAudioMixer: Display: 1: FrontRight
[2020.02.15-18.22.11:962][609]LogAudioMixer: Display: Using Audio Device Speakers (2- High Definition Audio Device)
[2020.02.15-18.22.11:966][609]LogInit: FAudioDevice initialized.
[2020.02.15-18.22.11:975][609]LogLoad: Game class is 'RenderToTexture_Game_C'
[2020.02.15-18.22.11:981][609]LogWorld: Bringing World /Game/ThirdPersonCPP/Maps/UEDPIE_0_ThirdPersonExampleMap.ThirdPersonExampleMap up for play (max tick rate 0) at 2020.02.15-18.22.11
[2020.02.15-18.22.11:982][609]LogWorld: Bringing up level for play took: 0.006468
[2020.02.15-18.22.11:983][609]LogOnline: OSS: Creating online subsystem instance for: :Context_12
[2020.02.15-18.22.11:985][609]LogGameMode: Display: Match State Changed from EnteringMap to WaitingToStart
[2020.02.15-18.22.11:985][609]LogGameState: Match State Changed from EnteringMap to WaitingToStart
[2020.02.15-18.22.11:985][609]LogGameMode: Display: Match State Changed from WaitingToStart to InProgress
[2020.02.15-18.22.12:007][609]LogScript: Warning: Accessed None trying to read property PatrolPath
	AI-controller_C /Game/ThirdPersonCPP/Maps/UEDPIE_0_ThirdPersonExampleMap.ThirdPersonExampleMap:PersistentLevel.AI-controller_C_1
	Function /Game/Blueprints/AI/AI-controller.AI-controller_C:ExecuteUbergraph_AI-controller:063B
[2020.02.15-18.22.12:007][609]PIE: Error: Blueprint Runtime Error: "Accessed None trying to read property PatrolPath". Blueprint:  AI-controller Function:  Execute Ubergraph AI-controller Graph:  EventGraph Node:  Set Value as Bool
[2020.02.15-18.22.12:007][609]LogScript: Warning: Accessed None trying to read property PatrolPath
	AI-controller_C /Game/ThirdPersonCPP/Maps/UEDPIE_0_ThirdPersonExampleMap.ThirdPersonExampleMap:PersistentLevel.AI-controller_C_1
	Function /Game/Blueprints/AI/AI-controller.AI-controller_C:ExecuteUbergraph_AI-controller:0747
[2020.02.15-18.22.12:007][609]PIE: Error: Blueprint Runtime Error: "Accessed None trying to read property PatrolPath". Blueprint:  AI-controller Function:  Execute Ubergraph AI-controller Graph:  EventGraph Node:  Set Value as Float
[2020.02.15-18.22.12:008][609]LogGameState: Match State Changed from WaitingToStart to InProgress
[2020.02.15-18.22.12:008][609]PIE: Play in editor start time for /Game/ThirdPersonCPP/Maps/UEDPIE_0_ThirdPersonExampleMap 0.12
[2020.02.15-18.22.12:008][609]LogBlueprintUserMessages: Late PlayInEditor Detection: Level '/Game/ThirdPersonCPP/Maps/ThirdPersonExampleMap.ThirdPersonExampleMap:PersistentLevel' has LevelScriptBlueprint '/Game/ThirdPersonCPP/Maps/ThirdPersonExampleMap.ThirdPersonExampleMap:PersistentLevel.ThirdPersonExampleMap' with GeneratedClass '/Game/ThirdPersonCPP/Maps/ThirdPersonExampleMap.ThirdPersonExampleMap_C' with ClassGeneratedBy '/Game/ThirdPersonCPP/Maps/ThirdPersonExampleMap.ThirdPersonExampleMap:PersistentLevel.ThirdPersonExampleMap'
[2020.02.15-18.22.32:357][250]LogCharacterMovement: AI-TEST2_2 is stuck and failed to move! Velocity: X=-19.67 Y=18.70 Z=0.00 Location: X=-356.31 Y=414.47 Z=260.60 Normal: X=0.75 Y=-0.66 Z=-0.00 PenetrationDepth:13.538 Actor:AI-TEST Component:Gun BoneName:None (0 other events since notify)
[2020.02.15-18.23.27:815][ 27]LogAudioMixer: Display: No commands were queued while flushing the source manager.
[2020.02.15-18.23.27:834][ 27]LogAudioMixer: Display: Flush succeeded in the source manager command queue (1).
[2020.02.15-18.23.27:854][ 27]LogAudioMixer: Display: Flush succeeded the source manager command queue (2).
[2020.02.15-18.23.27:854][ 27]LogBlueprintUserMessages: Early EndPlayMap Detection: Level '/Game/ThirdPersonCPP/Maps/ThirdPersonExampleMap.ThirdPersonExampleMap:PersistentLevel' has LevelScriptBlueprint '/Game/ThirdPersonCPP/Maps/ThirdPersonExampleMap.ThirdPersonExampleMap:PersistentLevel.ThirdPersonExampleMap' with GeneratedClass '/Game/ThirdPersonCPP/Maps/ThirdPersonExampleMap.ThirdPersonExampleMap_C' with ClassGeneratedBy '/Game/ThirdPersonCPP/Maps/ThirdPersonExampleMap.ThirdPersonExampleMap:PersistentLevel.ThirdPersonExampleMap'
[2020.02.15-18.23.27:855][ 27]LogSlate: Updating window title bar state: overlay mode, drag disabled, window buttons hidden, title bar hidden
[2020.02.15-18.23.27:855][ 27]LogWorld: BeginTearingDown for /Game/ThirdPersonCPP/Maps/UEDPIE_0_ThirdPersonExampleMap
[2020.02.15-18.23.27:855][ 27]LogAudioMixer: Display: No commands were queued while flushing the source manager.
[2020.02.15-18.23.27:855][ 27]LogWorld: UWorld::CleanupWorld for ThirdPersonExampleMap, bSessionEnded=true, bCleanupResources=true
[2020.02.15-18.23.27:857][ 27]LogSlate: InvalidateAllWidgets triggered.  All widgets were invalidated
[2020.02.15-18.23.27:871][ 27]LogPlayLevel: Display: Shutting down PIE online subsystems
[2020.02.15-18.23.27:871][ 27]LogBlueprintUserMessages: Late EndPlayMap Detection: Level '/Game/ThirdPersonCPP/Maps/ThirdPersonExampleMap.ThirdPersonExampleMap:PersistentLevel' has LevelScriptBlueprint '/Game/ThirdPersonCPP/Maps/ThirdPersonExampleMap.ThirdPersonExampleMap:PersistentLevel.ThirdPersonExampleMap' with GeneratedClass '/Game/ThirdPersonCPP/Maps/ThirdPersonExampleMap.ThirdPersonExampleMap_C' with ClassGeneratedBy '/Game/ThirdPersonCPP/Maps/ThirdPersonExampleMap.ThirdPersonExampleMap:PersistentLevel.ThirdPersonExampleMap'
[2020.02.15-18.23.27:877][ 27]LogSlate: InvalidateAllWidgets triggered.  All widgets were invalidated
[2020.02.15-18.23.27:918][ 27]LogAudioMixer: Display: No commands were queued while flushing the source manager.
[2020.02.15-18.23.27:921][ 27]LogSlate: Updating window title bar state: overlay mode, drag disabled, window buttons hidden, title bar hidden
[2020.02.15-18.23.27:927][ 27]LogUObjectHash: Compacting FUObjectHashTables data took   3.68ms
[2020.02.15-18.23.28:084][ 28]LogPlayLevel: Display: Destroying online subsystem :Context_12
[2020.02.15-18.31.57:430][823]LogTemp: Repeating last play command: Selected Viewport
[2020.02.15-18.31.57:459][823]LogBlueprintUserMessages: Early PlayInEditor Detection: Level '/Game/ThirdPersonCPP/Maps/ThirdPersonExampleMap.ThirdPersonExampleMap:PersistentLevel' has LevelScriptBlueprint '/Game/ThirdPersonCPP/Maps/ThirdPersonExampleMap.ThirdPersonExampleMap:PersistentLevel.ThirdPersonExampleMap' with GeneratedClass '/Game/ThirdPersonCPP/Maps/ThirdPersonExampleMap.ThirdPersonExampleMap_C' with ClassGeneratedBy '/Game/ThirdPersonCPP/Maps/ThirdPersonExampleMap.ThirdPersonExampleMap:PersistentLevel.ThirdPersonExampleMap'
[2020.02.15-18.31.57:459][823]LogPlayLevel: PlayLevel: No blueprints needed recompiling
[2020.02.15-18.31.57:459][823]PIE: New page: PIE session: ThirdPersonExampleMap (Feb 15, 2020, 6:31:57 PM)
[2020.02.15-18.31.57:459][823]LogPlayLevel: Creating play world package: /Game/ThirdPersonCPP/Maps/UEDPIE_0_ThirdPersonExampleMap
[2020.02.15-18.31.57:497][823]LogPlayLevel: PIE: StaticDuplicateObject took: (0.037978s)
[2020.02.15-18.31.57:499][823]LogAIModule: Creating AISystem for world ThirdPersonExampleMap
[2020.02.15-18.31.57:500][823]LogPlayLevel: PIE: World Init took: (0.002469s)
[2020.02.15-18.31.57:500][823]LogPlayLevel: PIE: Created PIE world by copying editor world from /Game/ThirdPersonCPP/Maps/ThirdPersonExampleMap.ThirdPersonExampleMap to /Game/ThirdPersonCPP/Maps/UEDPIE_0_ThirdPersonExampleMap.ThirdPersonExampleMap (0.040679s)
[2020.02.15-18.31.57:550][823]LogUObjectHash: Compacting FUObjectHashTables data took   4.24ms
[2020.02.15-18.31.57:553][823]LogAudioMixer: Display: Audio Mixer Platform Settings:
[2020.02.15-18.31.57:553][823]LogAudioMixer: Display: 	Sample Rate:						  48000
[2020.02.15-18.31.57:553][823]LogAudioMixer: Display: 	Callback Buffer Frame Size Requested: 1024
[2020.02.15-18.31.57:553][823]LogAudioMixer: Display: 	Callback Buffer Frame Size To Use:	  1024
[2020.02.15-18.31.57:553][823]LogAudioMixer: Display: 	Number of buffers to queue:			  2
[2020.02.15-18.31.57:553][823]LogAudioMixer: Display: 	Max Channels (voices):				  32
[2020.02.15-18.31.57:553][823]LogAudioMixer: Display: 	Number of Async Source Workers:		  0
[2020.02.15-18.31.57:553][823]LogAudio: Display: AudioDevice MaxSources: 32
[2020.02.15-18.31.57:554][823]LogAudio: Display: Using built-in audio occlusion.
[2020.02.15-18.31.57:554][823]LogAudioMixer: Display: Initializing audio mixer.
[2020.02.15-18.31.57:575][823]LogAudioMixer: Display: Audio Device Output Speaker Info:
[2020.02.15-18.31.57:575][823]LogAudioMixer: Display: Name: Speakers (2- High Definition Audio Device)
[2020.02.15-18.31.57:575][823]LogAudioMixer: Display: Is Default: Yes
[2020.02.15-18.31.57:575][823]LogAudioMixer: Display: Sample Rate: 44100
[2020.02.15-18.31.57:575][823]LogAudioMixer: Display: Channel Count Used: 2
[2020.02.15-18.31.57:576][823]LogAudioMixer: Display: Device Channel Count: 2
[2020.02.15-18.31.57:576][823]LogAudioMixer: Display: Channel Order:
[2020.02.15-18.31.57:576][823]LogAudioMixer: Display: 0: FrontLeft
[2020.02.15-18.31.57:576][823]LogAudioMixer: Display: 1: FrontRight
[2020.02.15-18.31.57:589][823]LogAudioMixer: Display: Using Audio Device Speakers (2- High Definition Audio Device)
[2020.02.15-18.31.57:592][823]LogInit: FAudioDevice initialized.
[2020.02.15-18.31.57:600][823]LogLoad: Game class is 'RenderToTexture_Game_C'
[2020.02.15-18.31.57:606][823]LogWorld: Bringing World /Game/ThirdPersonCPP/Maps/UEDPIE_0_ThirdPersonExampleMap.ThirdPersonExampleMap up for play (max tick rate 0) at 2020.02.15-18.31.57
[2020.02.15-18.31.57:607][823]LogWorld: Bringing up level for play took: 0.006433
[2020.02.15-18.31.57:608][823]LogOnline: OSS: Creating online subsystem instance for: :Context_13
[2020.02.15-18.31.57:611][823]LogGameMode: Display: Match State Changed from EnteringMap to WaitingToStart
[2020.02.15-18.31.57:611][823]LogGameState: Match State Changed from EnteringMap to WaitingToStart
[2020.02.15-18.31.57:611][823]LogGameMode: Display: Match State Changed from WaitingToStart to InProgress
[2020.02.15-18.31.57:614][823]LogScript: Warning: Accessed None trying to read property PatrolPath
	AI-controller_C /Game/ThirdPersonCPP/Maps/UEDPIE_0_ThirdPersonExampleMap.ThirdPersonExampleMap:PersistentLevel.AI-controller_C_1
	Function /Game/Blueprints/AI/AI-controller.AI-controller_C:ExecuteUbergraph_AI-controller:063B
[2020.02.15-18.31.57:614][823]PIE: Error: Blueprint Runtime Error: "Accessed None trying to read property PatrolPath". Blueprint:  AI-controller Function:  Execute Ubergraph AI-controller Graph:  EventGraph Node:  Set Value as Bool
[2020.02.15-18.31.57:614][823]LogScript: Warning: Accessed None trying to read property PatrolPath
	AI-controller_C /Game/ThirdPersonCPP/Maps/UEDPIE_0_ThirdPersonExampleMap.ThirdPersonExampleMap:PersistentLevel.AI-controller_C_1
	Function /Game/Blueprints/AI/AI-controller.AI-controller_C:ExecuteUbergraph_AI-controller:0747
[2020.02.15-18.31.57:614][823]PIE: Error: Blueprint Runtime Error: "Accessed None trying to read property PatrolPath". Blueprint:  AI-controller Function:  Execute Ubergraph AI-controller Graph:  EventGraph Node:  Set Value as Float
[2020.02.15-18.31.57:614][823]LogGameState: Match State Changed from WaitingToStart to InProgress
[2020.02.15-18.31.57:615][823]PIE: Play in editor start time for /Game/ThirdPersonCPP/Maps/UEDPIE_0_ThirdPersonExampleMap -0.273
[2020.02.15-18.31.57:615][823]LogBlueprintUserMessages: Late PlayInEditor Detection: Level '/Game/ThirdPersonCPP/Maps/ThirdPersonExampleMap.ThirdPersonExampleMap:PersistentLevel' has LevelScriptBlueprint '/Game/ThirdPersonCPP/Maps/ThirdPersonExampleMap.ThirdPersonExampleMap:PersistentLevel.ThirdPersonExampleMap' with GeneratedClass '/Game/ThirdPersonCPP/Maps/ThirdPersonExampleMap.ThirdPersonExampleMap_C' with ClassGeneratedBy '/Game/ThirdPersonCPP/Maps/ThirdPersonExampleMap.ThirdPersonExampleMap:PersistentLevel.ThirdPersonExampleMap'
[2020.02.15-18.33.14:508][679]LogAudioMixer: Display: No commands were queued while flushing the source manager.
[2020.02.15-18.33.14:508][679]LogAudioMixer: Display: No commands were queued while flushing the source manager.
[2020.02.15-18.33.14:508][679]LogBlueprintUserMessages: Early EndPlayMap Detection: Level '/Game/ThirdPersonCPP/Maps/ThirdPersonExampleMap.ThirdPersonExampleMap:PersistentLevel' has LevelScriptBlueprint '/Game/ThirdPersonCPP/Maps/ThirdPersonExampleMap.ThirdPersonExampleMap:PersistentLevel.ThirdPersonExampleMap' with GeneratedClass '/Game/ThirdPersonCPP/Maps/ThirdPersonExampleMap.ThirdPersonExampleMap_C' with ClassGeneratedBy '/Game/ThirdPersonCPP/Maps/ThirdPersonExampleMap.ThirdPersonExampleMap:PersistentLevel.ThirdPersonExampleMap'
[2020.02.15-18.33.14:509][679]LogSlate: Updating window title bar state: overlay mode, drag disabled, window buttons hidden, title bar hidden
[2020.02.15-18.33.14:509][679]LogWorld: BeginTearingDown for /Game/ThirdPersonCPP/Maps/UEDPIE_0_ThirdPersonExampleMap
[2020.02.15-18.33.14:509][679]LogAudioMixer: Display: No commands were queued while flushing the source manager.
[2020.02.15-18.33.14:509][679]LogWorld: UWorld::CleanupWorld for ThirdPersonExampleMap, bSessionEnded=true, bCleanupResources=true
[2020.02.15-18.33.14:511][679]LogSlate: InvalidateAllWidgets triggered.  All widgets were invalidated
[2020.02.15-18.33.14:524][679]LogPlayLevel: Display: Shutting down PIE online subsystems
[2020.02.15-18.33.14:525][679]LogBlueprintUserMessages: Late EndPlayMap Detection: Level '/Game/ThirdPersonCPP/Maps/ThirdPersonExampleMap.ThirdPersonExampleMap:PersistentLevel' has LevelScriptBlueprint '/Game/ThirdPersonCPP/Maps/ThirdPersonExampleMap.ThirdPersonExampleMap:PersistentLevel.ThirdPersonExampleMap' with GeneratedClass '/Game/ThirdPersonCPP/Maps/ThirdPersonExampleMap.ThirdPersonExampleMap_C' with ClassGeneratedBy '/Game/ThirdPersonCPP/Maps/ThirdPersonExampleMap.ThirdPersonExampleMap:PersistentLevel.ThirdPersonExampleMap'
[2020.02.15-18.33.14:531][679]LogSlate: InvalidateAllWidgets triggered.  All widgets were invalidated
[2020.02.15-18.33.14:574][679]LogAudioMixer: Display: No commands were queued while flushing the source manager.
[2020.02.15-18.33.14:577][679]LogSlate: Updating window title bar state: overlay mode, drag disabled, window buttons hidden, title bar hidden
[2020.02.15-18.33.14:583][679]LogUObjectHash: Compacting FUObjectHashTables data took   3.49ms
[2020.02.15-18.33.14:668][680]LogPlayLevel: Display: Destroying online subsystem :Context_13
[2020.02.15-18.33.16:945][902]LogSlate: Window 'Message Log' being destroyed
[2020.02.15-18.33.16:950][902]LogSlate: Window 'Message Log' being destroyed
[2020.02.15-18.34.03:239][428]LogEditorViewport: Clicking on Actor (LMB): StaticMeshActor (Floor)
[2020.02.15-18.34.21:094][301]LogSlate: Took 0.000374 seconds to synchronously load lazily loaded font '../../../Engine/Content/Slate/Fonts/Roboto-Light.ttf' (167K)
[2020.02.15-18.34.30:170][197]LogUObjectHash: Compacting FUObjectHashTables data took   2.03ms
[2020.02.15-18.34.30:513][197]LogSavePackage: Moving '../../../../../../Users/OLAFUR/Documents/Unreal Projects/EnginePresentation/Saved/ThirdPersonExampleMap_Auto1560555454C73F7DFC2F0508568997EEF.tmp' to '../../../../../../Users/OLAFUR/Documents/Unreal Projects/EnginePresentation/Saved/Autosaves/Game/ThirdPersonCPP/Maps/ThirdPersonExampleMap_Auto1.umap'
[2020.02.15-18.34.30:517][197]LogFileHelpers: Editor autosave (incl. sublevels) for '/Game/ThirdPersonCPP/Maps/ThirdPersonExampleMap' took 0.391
[2020.02.15-18.34.30:517][197]LogFileHelpers: Editor autosave (incl. sublevels) for all levels took 0.391
